"C:/Users/teate/OneDrive/Dokument/GitHub/Content/Levels/Level1.uasset" 0
"C:/Users/teate/OneDrive/Dokument/GitHub/Content/Level1.uasset" 1
"C:/Users/teate/OneDrive/Dokument/GitHub/Content/Levels/Level2.uasset" 2
"C:/Users/teate/OneDrive/Dokument/GitHub/Content/Level2.uasset" 3
"C:/Users/teate/OneDrive/Dokument/GitHub/Content/StarterContent/Audio/Collapse01.uasset" 4
"C:/Users/teate/OneDrive/Dokument/GitHub/Content/StarterContent/Audio/Collapse02.uasset" 5
"C:/Users/teate/OneDrive/Dokument/GitHub/Content/StarterContent/Audio/Fire01.uasset" 6
"C:/Users/teate/OneDrive/Dokument/GitHub/Content/StarterContent/Audio/Fire_Sparks01.uasset" 7
"C:/Users/teate/OneDrive/Dokument/GitHub/Content/StarterContent/Audio/Smoke01.uasset" 8
"C:/Users/teate/OneDrive/Dokument/GitHub/Content/StarterContent/Audio/Starter_Birds01.uasset" 9
"C:/Users/teate/OneDrive/Dokument/GitHub/Content/StarterContent/Audio/Starter_Music01.uasset" 10
"C:/Users/teate/OneDrive/Dokument/GitHub/Content/StarterContent/Audio/Starter_Wind05.uasset" 11
"C:/Users/teate/OneDrive/Dokument/GitHub/Content/StarterContent/Audio/Starter_Wind06.uasset" 12
"C:/Users/teate/OneDrive/Dokument/GitHub/Content/StarterContent/Audio/Steam01.uasset" 13
"../../../Engine/Content/EditorBlueprintResources/StandardMacros.uasset" 14
"../../../Engine/Content/EditorBlueprintResources/ActorMacros.uasset" 15
"C:/Users/teate/OneDrive/Dokument/GitHub/Content/body2.uasset" 16
"C:/Users/teate/OneDrive/Dokument/GitHub/Content/Mannequin/NewCharacter/Materials/BodyColor3.uasset" 17
"C:/Users/teate/OneDrive/Dokument/GitHub/Content/Mannequin/NewCharacter/Materials/bodyRoughness.uasset" 18
"C:/Users/teate/OneDrive/Dokument/GitHub/Content/Mannequin/NewCharacter/Materials/bodyNormal.uasset" 19
"C:/Users/teate/OneDrive/Dokument/GitHub/Content/Mannequin/NewCharacter/Materials/body.uasset" 20
"C:/Users/teate/OneDrive/Dokument/GitHub/Content/Mannequin/NewCharacter/Materials/eyeR.uasset" 21
"C:/Users/teate/OneDrive/Dokument/GitHub/Content/Mannequin/NewCharacter/Materials/eye_R.uasset" 22
"C:/Users/teate/OneDrive/Dokument/GitHub/Content/Mannequin/NewCharacter/Materials/Material_003.uasset" 23
"C:/Users/teate/OneDrive/Dokument/GitHub/Content/Mannequin/NewCharacter/Materials/Tongue.uasset" 24
"C:/Users/teate/OneDrive/Dokument/GitHub/Content/Mannequin/NewCharacter/Character_PhysicsAsset.uasset" 25
"C:/Users/teate/OneDrive/Dokument/GitHub/Content/Mannequin/NewCharacter/Character_Skeleton.uasset" 26
"C:/Users/teate/OneDrive/Dokument/GitHub/Content/Mannequin/NewCharacter/Materials/teeth.uasset" 27
"C:/Users/teate/OneDrive/Dokument/GitHub/Content/Mannequin/NewCharacter/Character.uasset" 28
"C:/Users/teate/OneDrive/Dokument/GitHub/Content/blueprints/meshes/Plane_material.uasset" 29
"C:/Users/teate/OneDrive/Dokument/GitHub/Content/widgets/AgentOrange.uasset" 30
"C:/Users/teate/OneDrive/Dokument/GitHub/Content/widgets/AgentOrange_Font.uasset" 31
"C:/Users/teate/OneDrive/Dokument/GitHub/Content/Maps/Menu/Widgets/Pause_menu.uasset" 32
"../../../Engine/Content/Animation/DefaultAnimBoneCompressionSettings.uasset" 33
"../../../Engine/Content/Animation/DefaultAnimCurveCompressionSettings.uasset" 34
"C:/Users/teate/OneDrive/Dokument/GitHub/Content/Mannequin/NewCharacter/Animations/Character_Anim_Standing.uasset" 35
"C:/Users/teate/OneDrive/Dokument/GitHub/Content/Mannequin/NewCharacter/Animations/Character_Anim_Walk.uasset" 36
"C:/Users/teate/OneDrive/Dokument/GitHub/Content/Mannequin/NewCharacter/Animations/Character_BlendSpace.uasset" 37
"C:/Users/teate/OneDrive/Dokument/GitHub/Content/Mannequin/NewCharacter/Animations/Character_BP.uasset" 38
"C:/Users/teate/OneDrive/Dokument/GitHub/Content/ThirdPersonBP/Blueprints/ThirdPersonCharacter.uasset" 39
"C:/Users/teate/OneDrive/Dokument/GitHub/Content/ThirdPersonBP/Blueprints/ThirdPersonGameMode.uasset" 40
"C:/Users/teate/OneDrive/Dokument/GitHub/Content/Maps/ThirdPersonExampleMap.uasset" 41
"C:/Users/teate/OneDrive/Dokument/GitHub/Content/Levels/ThirdPersonExampleMap.uasset" 42
"C:/Users/teate/OneDrive/Dokument/GitHub/Content/ThirdPersonBP/Maps/ThirdPersonExampleMap.uasset" 43
"C:/Users/teate/OneDrive/Dokument/GitHub/Content/widgets/Pause_menu.uasset" 44
"../../../Engine/Content/EngineMaterials/T_Default_Material_Grid_N.uasset" 45
"../../../Engine/Content/EngineMaterials/T_Default_Material_Grid_M.uasset" 46
"../../../Engine/Content/Functions/Engine_MaterialFunctions01/Opacity/CameraDepthFade.uasset" 47
"../../../Engine/Content/EngineMaterials/WorldGridMaterial.uasset" 48
"../../../Engine/Content/ArtTools/RenderToTexture/Meshes/S_1_Unit_Plane.uasset" 49
"../../../Engine/Content/EngineMaterials/DefaultMaterial.uasset" 50
"../../../Engine/Content/BasicShapes/Cone.uasset" 51
"../../../Engine/Content/BasicShapes/Cube.uasset" 52
"../../../Engine/Content/BasicShapes/Plane.uasset" 53
"../../../Engine/Content/BasicShapes/Sphere.uasset" 54
"../../../Engine/Content/EditorLandscapeResources/DataLayer.uasset" 55
"../../../Engine/Content/EditorLandscapeResources/DefaultAlphaTexture.uasset" 56
"../../../Engine/Content/EditorMaterials/MAT_Groups_Toggle.uasset" 57
"../../../Engine/Content/EditorMaterials/MAT_Groups_Visibility.uasset" 58
"../../../Engine/Content/EditorMaterials/PreviewShadowIndicator.uasset" 59
"../../../Engine/Content/EditorMaterials/PreviewShadowIndicatorMaterial.uasset" 60
"../../../Engine/Content/EditorMaterials/MatineeGroups/MAT_ColorTrack.uasset" 61
"../../../Engine/Content/EditorMaterials/MatineeGroups/MAT_Groups_Anim.uasset" 62
"../../../Engine/Content/EditorMaterials/MatineeGroups/MAT_Groups_AudioMaster.uasset" 63
"../../../Engine/Content/EditorMaterials/MatineeGroups/MAT_Groups_Director.uasset" 64
"../../../Engine/Content/EditorMaterials/MatineeGroups/MAT_Groups_Event.uasset" 65
"../../../Engine/Content/EditorMaterials/MatineeGroups/MAT_Groups_Fade.uasset" 66
"../../../Engine/Content/EditorMaterials/MatineeGroups/MAT_Groups_Float.uasset" 67
"../../../Engine/Content/EditorMaterials/MatineeGroups/MAT_Groups_Move.uasset" 68
"../../../Engine/Content/EditorMaterials/MatineeGroups/MAT_Groups_Slomo.uasset" 69
"../../../Engine/Content/EditorMaterials/MatineeGroups/MAT_Groups_Sound.uasset" 70
"../../../Engine/Content/EditorMaterials/MatineeGroups/MAT_Groups_Vector.uasset" 71
"../../../Engine/Content/EditorMaterials/ParticleSystems/PSysThumbnail_NoImage.uasset" 72
"../../../Engine/Content/EditorMaterials/ParticleSystems/PSysThumbnail_OOD.uasset" 73
"../../../Engine/Content/EditorMaterials/Camera/CineMat.uasset" 74
"../../../Engine/Content/EditorMaterials/Camera/MI_CineMat_Rig.uasset" 75
"../../../Engine/Content/EditorMeshes/Camera/SM_CraneRig_Arm.uasset" 76
"../../../Engine/Content/EditorMeshes/Camera/SM_CraneRig_Base.uasset" 77
"../../../Engine/Content/EditorMeshes/Camera/SM_CraneRig_Body.uasset" 78
"../../../Engine/Content/EditorMeshes/Camera/SM_CraneRig_Mount.uasset" 79
"../../../Engine/Content/EditorMeshes/Camera/SM_RailRig_Mount.uasset" 80
"../../../Engine/Content/EditorMeshes/Camera/SM_RailRig_Track.uasset" 81
"../../../Engine/Content/EditorResources/BSPVertex.uasset" 82
"../../../Engine/Content/EditorResources/EmptyActor.uasset" 83
"../../../Engine/Content/EditorResources/S_Actor.uasset" 84
"../../../Engine/Content/EditorResources/S_Note.uasset" 85
"../../../Engine/Content/EditorResources/S_Solver.uasset" 86
"../../../Engine/Content/EditorResources/S_Terrain.uasset" 87
"../../../Engine/Content/EditorResources/S_Trigger.uasset" 88
"../../../Engine/Content/EditorResources/AudioIcons/S_AudioComponent.uasset" 89
"../../../Engine/Content/EditorResources/AudioIcons/S_AudioComponent_AutoActivate.uasset" 90
"../../../Engine/Content/EditorResources/LightIcons/S_LightError.uasset" 91
"../../../Engine/Content/EditorResources/SequenceRecorder/Countdown.uasset" 92
"../../../Engine/Content/EditorResources/SequenceRecorder/RecordingIndicator.uasset" 93
"../../../Engine/Content/EngineDamageTypes/DmgTypeBP_Environmental.uasset" 94
"../../../Engine/Content/EngineDebugMaterials/DebugEditorMaterial.uasset" 95
"../../../Engine/Content/EngineDebugMaterials/DebugMeshMaterial.uasset" 96
"../../../Engine/Content/EngineDebugMaterials/M_SimpleUnlitTranslucent.uasset" 97
"../../../Engine/Content/EngineDebugMaterials/VolumeToRender.uasset" 98
"../../../Engine/Content/Functions/Engine_MaterialFunctions02/Utility/CameraDirectionVector.uasset" 99
"../../../Engine/Content/EngineDebugMaterials/M_VolumeRenderSphereTracePP.uasset" 100
"../../../Engine/Content/Functions/Engine_MaterialFunctions01/Shading/ConvertFromDiffSpec.uasset" 101
"../../../Engine/Content/EngineDebugMaterials/VertexColorMaterial.uasset" 102
"../../../Engine/Content/EngineDebugMaterials/WireframeMaterial.uasset" 103
"../../../Engine/Content/EngineFonts/Faces/RobotoRegular.uasset" 104
"../../../Engine/Content/EngineFonts/Faces/RobotoLight.uasset" 105
"../../../Engine/Content/EngineFonts/Faces/RobotoItalic.uasset" 106
"../../../Engine/Content/EngineFonts/Faces/RobotoBoldItalic.uasset" 107
"../../../Engine/Content/EngineFonts/Faces/RobotoBold.uasset" 108
"../../../Engine/Content/EngineFonts/Faces/DroidSansFallback.uasset" 109
"../../../Engine/Content/EngineFonts/Roboto.uasset" 110
"../../../Engine/Content/EngineMaterials/BaseFlattenNormalMap.uasset" 111
"../../../Engine/Content/EngineMaterials/BaseFlattenGrayscaleMap.uasset" 112
"../../../Engine/Content/EngineMaterials/BaseFlattenEmissiveMap.uasset" 113
"../../../Engine/Content/EngineMaterials/BaseFlattenDiffuseMap.uasset" 114
"../../../Engine/Content/EngineMaterials/BaseFlattenMaterial.uasset" 115
"../../../Engine/Content/EngineMaterials/BlueNoise.uasset" 116
"../../../Engine/Content/EngineMaterials/DefaultBloomKernel.uasset" 117
"../../../Engine/Content/EngineMaterials/DefaultBokeh.uasset" 118
"../../../Engine/Content/EngineMaterials/DefaultDiffuse.uasset" 119
"../../../Engine/Content/EngineMaterials/DefaultDeferredDecalMaterial.uasset" 120
"../../../Engine/Content/EngineMaterials/DefaultLightFunctionMaterial.uasset" 121
"../../../Engine/Content/EngineMaterials/DefaultPhysicalMaterial.uasset" 122
"../../../Engine/Content/Functions/Engine_MaterialFunctions02/Utility/BreakOutFloat2Components.uasset" 123
"../../../Engine/Content/EngineMaterials/DefaultPostProcessMaterial.uasset" 124
"../../../Engine/Content/EngineFonts/RobotoDistanceField.uasset" 125
"../../../Engine/Content/EngineMaterials/DefaultTextMaterialOpaque.uasset" 126
"../../../Engine/Content/EngineMaterials/DefaultWhiteGrid.uasset" 127
"../../../Engine/Content/EngineMaterials/DefaultWhiteGrid_Low.uasset" 128
"../../../Engine/Content/EngineMaterials/EmissiveMeshMaterial.uasset" 129
"../../../Engine/Content/EngineMaterials/GizmoMaterial.uasset" 130
"../../../Engine/Content/EngineMaterials/Good64x64TilingNoiseHighFreq.uasset" 131
"../../../Engine/Content/EngineMaterials/MiniFont.uasset" 132
"../../../Engine/Content/EngineMaterials/InvalidLightmapSettings.uasset" 133
"../../../Engine/Content/EngineMaterials/M_InvalidLightmapSettings.uasset" 134
"../../../Engine/Content/Functions/Engine_MaterialFunctions02/WorldPositionOffset/CameraOffset.uasset" 135
"../../../Engine/Content/EngineMaterials/PhAT_JointLimitMaterial.uasset" 136
"../../../Engine/Content/EngineMaterials/PreintegratedSkinBRDF.uasset" 137
"../../../Engine/Content/EngineMaterials/RemoveSurfaceMaterial.uasset" 138
"../../../Engine/Content/EngineMaterials/WeightMapPlaceholderTexture.uasset" 139
"../../../Engine/Content/EngineResources/WhiteSquareTexture.uasset" 140
"../../../Engine/Content/EngineMaterials/Widget3DPassThrough.uasset" 141
"../../../Engine/Content/EngineMaterials/Widget3DPassThrough_Masked.uasset" 142
"../../../Engine/Content/EngineMaterials/Widget3DPassThrough_Opaque.uasset" 143
"../../../Engine/Content/EngineMaterials/Widget3DPassThrough_Masked_OneSided.uasset" 144
"../../../Engine/Content/EngineMaterials/Widget3DPassThrough_Opaque_OneSided.uasset" 145
"../../../Engine/Content/EngineMaterials/Widget3DPassThrough_Translucent.uasset" 146
"../../../Engine/Content/EngineMaterials/Widget3DPassThrough_Translucent_OneSided.uasset" 147
"../../../Engine/Content/EngineMeshes/Cylinder.uasset" 148
"../../../Engine/Content/EngineMeshes/Sphere.uasset" 149
"../../../Engine/Content/EngineResources/Black.uasset" 150
"../../../Engine/Content/EngineResources/DefaultTextureCube.uasset" 151
"../../../Engine/Content/EngineResources/DefaultVolumeTexture2D.uasset" 152
"../../../Engine/Content/EngineResources/DefaultVolumeTexture.uasset" 153
"../../../Engine/Content/EngineResources/GradientTexture0.uasset" 154
"../../../Engine/Content/EngineSky/VolumetricClouds/T_NoiseShape64.uasset" 155
"../../../Engine/Content/EngineSky/VolumetricClouds/T_VolumeNoiseShape64.uasset" 156
"../../../Engine/Content/EngineSky/VolumetricClouds/T_NoiseErosion.uasset" 157
"../../../Engine/Content/EngineSky/VolumetricClouds/T_VolumeNoiseErosion32.uasset" 158
"../../../Engine/Content/Functions/Engine_MaterialFunctions02/Utility/MakeFloat2.uasset" 159
"../../../Engine/Content/EngineSky/VolumetricClouds/CloudWeatherTexture.uasset" 160
"../../../Engine/Content/EngineSky/VolumetricClouds/CloudGradientTexture.uasset" 161
"../../../Engine/Content/EngineSky/VolumetricClouds/m_SimpleVolumetricCloud.uasset" 162
"../../../Engine/Content/EngineSky/VolumetricClouds/m_SimpleVolumetricCloud_Inst.uasset" 163
"../../../Engine/Content/EngineSounds/Master.uasset" 164
"../../../Engine/Content/Functions/Engine_MaterialFunctions01/Shading/PowerToRoughness.uasset" 165
"../../../Engine/Content/Maps/Templates/Thumbnails/Default.uasset" 166
"../../../Engine/Content/Maps/Templates/Thumbnails/TimeOfDay.uasset" 167
"../../../Engine/Content/Maps/Templates/Thumbnails/VR-Basic.uasset" 168
"../../../Engine/Content/MobileResources/T_MobileControls_texture.uasset" 169
"../../../Engine/Content/MobileResources/T_MobileMenu2.uasset" 170
"../../../Engine/Content/MobileResources/HUD/AnalogHat.uasset" 171
"../../../Engine/Content/MobileResources/HUD/VirtualJoystick_Background.uasset" 172
"../../../Engine/Content/MobileResources/HUD/VirtualJoystick_Thumb.uasset" 173
"../../../Engine/Content/MobileResources/HUD/DefaultVirtualJoysticks.uasset" 174
"../../../Engine/Content/MobileResources/HUD/LeftVirtualJoystickOnly.uasset" 175
"../../../Engine/Content/MobileResources/HUD/LeftVirtualJoystickOnly_2.uasset" 176
"../../../Engine/Content/MobileResources/HUD/LeftVirtualJoystickOnly_3.uasset" 177
"../../../Engine/Content/MobileResources/HUD/LeftVirtualJoystickOnly_4.uasset" 178
"../../../Engine/Content/MobileResources/HUD/MobileHUDButton1_off.uasset" 179
"../../../Engine/Content/MobileResources/HUD/MobileHUDButton1_on.uasset" 180
"../../../Engine/Content/MobileResources/HUD/MobileHUDButton2_off.uasset" 181
"../../../Engine/Content/MobileResources/HUD/MobileHUDButton2_on.uasset" 182
"../../../Engine/Content/MobileResources/HUD/MobileHUDButton3.uasset" 183
"../../../Engine/Content/MobileResources/HUD/MobileHUDButtonFire.uasset" 184
"../../../Engine/Content/MobileResources/HUD/MobileHUDDirectionPad.uasset" 185
"../../../Engine/Content/MobileResources/HUD/MobileHUDDirectionPad2.uasset" 186
"../../../Engine/Content/MobileResources/HUD/MobileHUDDirectionPad3.uasset" 187
"../../../Engine/Content/MobileResources/HUD/MobileHUDDirectionStick.uasset" 188
"../../../Engine/Content/MobileResources/HUD/T_Castle_ThumbstickInner.uasset" 189
"../../../Engine/Content/MobileResources/HUD/T_Castle_ThumbstickOutter.uasset" 190
"../../../Engine/Content/Tutorial/ContentIntroCurve.uasset" 191
"../../../Engine/Content/Tutorial/Basics/LevelEditorAttract.uasset" 192
"../../../Engine/Content/VREditor/TransformGizmo/TranslucentTransformGizmoMaterial.uasset" 193
"../../../Engine/Content/VREditor/LaserPointer/VR_LaserPower_01.uasset" 194
"../../../Engine/Content/VREditor/TransformGizmo/TransformGizmoMaterial.uasset" 195
"../../../Engine/Content/VREditor/TransformGizmo/BoundingBoxCorner.uasset" 196
"../../../Engine/Content/VREditor/TransformGizmo/BoundingBoxEdge.uasset" 197
"../../../Engine/Content/VREditor/TransformGizmo/PlaneTranslationHandle.uasset" 198
"../../../Engine/Content/VREditor/TransformGizmo/Xray.uasset" 199
"../../../Engine/Content/VREditor/TransformGizmo/Main.uasset" 200
"../../../Engine/Content/VREditor/TransformGizmo/SM_Sequencer_Key.uasset" 201
"../../../Engine/Content/VREditor/TransformGizmo/SM_Sequencer_Node.uasset" 202
"../../Plugins/2D/Paper2D/Content/PlaceholderTextures/DummySpriteTexture.uasset" 203
"../../Plugins/2D/Paper2D/Content/DummySprite.uasset" 204
"../../Plugins/2D/Paper2D/Content/DefaultPaperTerrainMaterial.uasset" 205
"../../Plugins/2D/Paper2D/Content/DefaultSpriteMaterial.uasset" 206
"../../Plugins/2D/Paper2D/Content/MaskedUnlitSpriteMaterial.uasset" 207
"../../Plugins/2D/Paper2D/Content/OpaqueUnlitSpriteMaterial.uasset" 208
"../../../Engine/Content/Functions/Engine_MaterialFunctions02/Utility/BreakOutFloat3Components.uasset" 209
"../../../Engine/Content/Functions/Engine_MaterialFunctions02/ObjectLocalBounds.uasset" 210
"../../Plugins/Editor/SpeedTreeImporter/Content/SpeedTree9/UnpackInteger3.uasset" 211
"../../Plugins/Editor/SpeedTreeImporter/Content/SpeedTree9/UnpackDirection.uasset" 212
"../../Plugins/Editor/SpeedTreeImporter/Content/SpeedTree9/game_wind_noise.uasset" 213
"../../../Engine/Content/Functions/Engine_MaterialFunctions02/SafeNormalize.uasset" 214
"../../Plugins/Editor/SpeedTreeImporter/Content/SpeedTree9/SpeedTreeWindMotion.uasset" 215
"../../Plugins/Editor/SpeedTreeImporter/Content/SpeedTree9/SpeedTreeBranchMotion.uasset" 216
"../../../Engine/Content/Functions/Engine_MaterialFunctions02/UVs/BoundingBoxBased_0-1_UVW.uasset" 217
"../../Plugins/Editor/SpeedTreeImporter/Content/SpeedTree9/SpeedTreeWind.uasset" 218
"../../Plugins/Editor/SpeedTreeImporter/Content/SpeedTree9/SpeedTreeBillboard.uasset" 219
"../../../Engine/Content/EngineResources/DefaultTexture.uasset" 220
"../../Plugins/Editor/SpeedTreeImporter/Content/SpeedTree9/SpeedTreeBillboardMaster.uasset" 221
"../../Plugins/Editor/SpeedTreeImporter/Content/SpeedTree9/SpeedTreeCameraFacing.uasset" 222
"../../Plugins/Editor/SpeedTreeImporter/Content/SpeedTree9/SpeedTreeMaster.uasset" 223
"../../../Engine/Content/BasicShapes/Cylinder.uasset" 224
"../../../Engine/Content/ArtTools/RenderToTexture/Materials/Debug/M_Emissive_Color.uasset" 225
"../../Plugins/Lumin/MagicLeapPassableWorld/Content/MagicLeapARPinInfoActor.uasset" 226
"../../../Engine/Content/Functions/Engine_MaterialFunctions02/Utility/BreakOutFloat4Components.uasset" 227
"../../../Engine/Content/Functions/Engine_MaterialFunctions02/Utility/MakeFloat3.uasset" 228
"../../Plugins/Runtime/Oculus/OculusVR/Content/Materials/OculusMR_ChromaKey.uasset" 229
"../../Plugins/Runtime/Oculus/OculusVR/Content/Materials/OculusMR_OpaqueColoredMaterial.uasset" 230
"../../Plugins/Runtime/Oculus/OculusVR/Content/Materials/PokeAHoleMaterial.uasset" 231
"C:/Users/teate/OneDrive/Dokument/GitHub/Content/Maps/Editor_BuiltData.uasset" 232
"C:/Users/teate/OneDrive/Dokument/GitHub/Content/Maps/Editor.umap" 233
"C:/Users/teate/OneDrive/Dokument/GitHub/Content/blueprints/Box.uasset" 234
"../../../Engine/Content/EngineSky/T_Sky_Stars.uasset" 235
"../../../Engine/Content/EngineSky/T_Sky_Clouds_M.uasset" 236
"../../../Engine/Content/EngineSky/T_Sky_Blue.uasset" 237
"C:/Users/teate/OneDrive/Dokument/GitHub/Content/StarterContent/Textures/T_Ground_Grass_N.uasset" 238
"C:/Users/teate/OneDrive/Dokument/GitHub/Content/StarterContent/Textures/T_Ground_Grass_D.uasset" 239
"C:/Users/teate/OneDrive/Dokument/GitHub/Content/StarterContent/Textures/T_Perlin_Noise_M.uasset" 240
"C:/Users/teate/OneDrive/Dokument/GitHub/Content/StarterContent/Textures/T_MacroVariation.uasset" 241
"C:/Users/teate/OneDrive/Dokument/GitHub/Content/StarterContent/Materials/M_Ground_Grass.uasset" 242
"../../../Engine/Content/EngineSky/M_Sky_Panning_Clouds2.uasset" 243
"../../../Engine/Content/EngineSky/SM_SkySphere.uasset" 244
"../../../Engine/Content/EngineSky/C_Sky_Zenith_Color.uasset" 245
"../../../Engine/Content/EngineSky/C_Sky_Horizon_Color.uasset" 246
"../../../Engine/Content/EngineSky/C_Sky_Cloud_Color.uasset" 247
"../../../Engine/Content/EngineSky/BP_Sky_Sphere.uasset" 248
"C:/Users/teate/OneDrive/Dokument/GitHub/Content/Maps/WaitingRoom.umap" 249
"C:/Users/teate/OneDrive/Dokument/GitHub/Content/Maps/Menu/Widgets/Loadingscreen.uasset" 250
"C:/Users/teate/OneDrive/Dokument/GitHub/Content/Maps/Menu/Widgets/ServerWidget.uasset" 251
"C:/Users/teate/OneDrive/Dokument/GitHub/Content/Maps/Menu/MainMenu.umap" 252
"C:/Users/teate/OneDrive/Dokument/GitHub/Content/StarterContent/Textures/T_Ground_Moss_N.uasset" 253
"C:/Users/teate/OneDrive/Dokument/GitHub/Content/StarterContent/Textures/T_ground_Moss_D.uasset" 254
"C:/Users/teate/OneDrive/Dokument/GitHub/Content/StarterContent/Materials/M_Ground_Moss.uasset" 255
"C:/Users/teate/OneDrive/Dokument/GitHub/Content/Levels/Materials/GroundMasks/GroundMask1.uasset" 256
"../../../Engine/Content/Functions/Engine_MaterialFunctions01/Texturing/FlattenNormal.uasset" 257
"../../../Engine/Content/EngineMaterials/BlendFunc_DefBase.uasset" 258
"../../../Engine/Content/EngineMaterials/BlendFunc_DefBlend.uasset" 259
"../../../Engine/Content/Functions/Engine_MaterialFunctions03/Blends/Blend_Screen.uasset" 260
"C:/Users/teate/OneDrive/Dokument/GitHub/Content/Levels/Textures/Mud/Ground023_1K_Color.uasset" 261
"C:/Users/teate/OneDrive/Dokument/GitHub/Content/Levels/Textures/Mud/Ground023_1K_NormalDX.uasset" 262
"C:/Users/teate/OneDrive/Dokument/GitHub/Content/Levels/Textures/Mud/Ground_roughness_001.uasset" 263
"C:/Users/teate/OneDrive/Dokument/GitHub/Content/Levels/Textures/path/Paving_roughness.uasset" 264
"C:/Users/teate/OneDrive/Dokument/GitHub/Content/Levels/Textures/path/PavingStones050_1K_Color.uasset" 265
"C:/Users/teate/OneDrive/Dokument/GitHub/Content/Levels/Textures/path/PavingStones050_1K_NormalDX.uasset" 266
"C:/Users/teate/OneDrive/Dokument/GitHub/Content/Levels/Materials/levelMaterial/Ground1.uasset" 267
"C:/Users/teate/OneDrive/Dokument/GitHub/Content/Levels/Materials/levelMaterial/Border_diffuse.uasset" 268
"C:/Users/teate/OneDrive/Dokument/GitHub/Content/Levels/Materials/levelMaterial/Border_Roughness.uasset" 269
"C:/Users/teate/OneDrive/Dokument/GitHub/Content/Levels/Materials/levelMaterial/Border.uasset" 270
"C:/Users/teate/OneDrive/Dokument/GitHub/Content/Levels/Level1_Mesh.uasset" 271
"C:/Users/teate/OneDrive/Dokument/GitHub/Content/Levels/Textures/Maze/Moss002_2K_Roughness.uasset" 272
"C:/Users/teate/OneDrive/Dokument/GitHub/Content/Levels/Textures/Maze/Moss002_2K_NormalDX.uasset" 273
"C:/Users/teate/OneDrive/Dokument/GitHub/Content/Levels/Textures/Maze/Moss002_2K_Color.uasset" 274
"C:/Users/teate/OneDrive/Dokument/GitHub/Content/Levels/Materials/levelMaterial/Maze2.uasset" 275
"C:/Users/teate/OneDrive/Dokument/GitHub/Content/StarterContent/Textures/T_Metal_Gold_D.uasset" 276
"C:/Users/teate/OneDrive/Dokument/GitHub/Content/StarterContent/Textures/T_Metal_Gold_N.uasset" 277
"C:/Users/teate/OneDrive/Dokument/GitHub/Content/StarterContent/Materials/M_Metal_Gold.uasset" 278
"C:/Users/teate/OneDrive/Dokument/GitHub/Content/StarterContent/Textures/T_Rock_Marble_Polished_D.uasset" 279
"C:/Users/teate/OneDrive/Dokument/GitHub/Content/StarterContent/Textures/T_Ceramic_Tile_N.uasset" 280
"C:/Users/teate/OneDrive/Dokument/GitHub/Content/StarterContent/Textures/T_Ceramic_Tile_M.uasset" 281
"C:/Users/teate/OneDrive/Dokument/GitHub/Content/StarterContent/Materials/M_Ceramic_Tile_Checker.uasset" 282
"C:/Users/teate/OneDrive/Dokument/GitHub/Content/blueprints/meshes/Plane.uasset" 283
"C:/Users/teate/OneDrive/Dokument/GitHub/Content/StarterContent/Textures/T_Frame_N.uasset" 284
"C:/Users/teate/OneDrive/Dokument/GitHub/Content/StarterContent/Textures/T_Frame_M.uasset" 285
"C:/Users/teate/OneDrive/Dokument/GitHub/Content/StarterContent/Props/Materials/M_Frame.uasset" 286
"C:/Users/teate/OneDrive/Dokument/GitHub/Content/StarterContent/Props/SM_PillarFrame300.uasset" 287
"C:/Users/teate/OneDrive/Dokument/GitHub/Content/widgets/WINScreen_widget.uasset" 288
"C:/Users/teate/OneDrive/Dokument/GitHub/Content/Maps/Menu/Widgets/WinChoose.uasset" 289
"C:/Users/teate/OneDrive/Dokument/GitHub/Content/blueprints/WinTrigger.uasset" 290
"C:/Users/teate/OneDrive/Dokument/GitHub/Content/StarterContent/Textures/T_Metal_Steel_N.uasset" 291
"C:/Users/teate/OneDrive/Dokument/GitHub/Content/StarterContent/Textures/T_Metal_Steel_D.uasset" 292
"C:/Users/teate/OneDrive/Dokument/GitHub/Content/StarterContent/Materials/M_Metal_Steel.uasset" 293
"C:/Users/teate/OneDrive/Dokument/GitHub/Content/StarterContent/Materials/M_Basic_Wall.uasset" 294
"C:/Users/teate/OneDrive/Dokument/GitHub/Content/StarterContent/Shapes/Shape_NarrowCapsule.uasset" 295
"C:/Users/teate/OneDrive/Dokument/GitHub/Content/blueprints/speedtrap.uasset" 296
"C:/Users/teate/OneDrive/Dokument/GitHub/Content/blueprints/meshes/blixt.uasset" 297
"C:/Users/teate/OneDrive/Dokument/GitHub/Content/blueprints/speedboost.uasset" 298
"C:/Users/teate/OneDrive/Dokument/GitHub/Content/Levels/Materials/RedKey_M.uasset" 299
"C:/Users/teate/OneDrive/Dokument/GitHub/Content/Levels/Key.uasset" 300
"C:/Users/teate/OneDrive/Dokument/GitHub/Content/Levels/Textures/Keys/redKey.uasset" 301
"C:/Users/teate/OneDrive/Dokument/GitHub/Content/Maps/Menu/Widgets/RedKey.uasset" 302
"C:/Users/teate/OneDrive/Dokument/GitHub/Content/blueprints/RedKeyBP.uasset" 303
"C:/Users/teate/OneDrive/Dokument/GitHub/Content/Levels/Textures/Door/Wood066_2K_Color.uasset" 304
"C:/Users/teate/OneDrive/Dokument/GitHub/Content/Levels/Textures/Door/Wood066_2K_NormalGL.uasset" 305
"C:/Users/teate/OneDrive/Dokument/GitHub/Content/Levels/Textures/Door/Wood066_2K_Roughness.uasset" 306
"C:/Users/teate/OneDrive/Dokument/GitHub/Content/Levels/Materials/Door/Door1.uasset" 307
"C:/Users/teate/OneDrive/Dokument/GitHub/Content/Levels/DoorV2.uasset" 308
"C:/Users/teate/OneDrive/Dokument/GitHub/Content/Maps/Menu/Widgets/FindRedKey.uasset" 309
"C:/Users/teate/OneDrive/Dokument/GitHub/Content/blueprints/RedDoorBP.uasset" 310
"C:/Users/teate/OneDrive/Dokument/GitHub/Content/blueprints/meshes/Ampoule_Bulbe_Verre.uasset" 311
"C:/Users/teate/OneDrive/Dokument/GitHub/Content/blueprints/meshes/uploads_files_210383_Ampoule_Ampoule_Bulbe.uasset" 312
"C:/Users/teate/OneDrive/Dokument/GitHub/Content/blueprints/meshes/uploads_files_210383_Ampoule_Ampoule_Culot.uasset" 313
"C:/Users/teate/OneDrive/Dokument/GitHub/Content/blueprints/Lightboost.uasset" 314
"C:/Users/teate/OneDrive/Dokument/GitHub/Content/Levels/Materials/BlueKey_M.uasset" 315
"C:/Users/teate/OneDrive/Dokument/GitHub/Content/Levels/Textures/Keys/blueKey.uasset" 316
"C:/Users/teate/OneDrive/Dokument/GitHub/Content/Maps/Menu/Widgets/BlueKey.uasset" 317
"C:/Users/teate/OneDrive/Dokument/GitHub/Content/blueprints/BlueKeyBP.uasset" 318
"C:/Users/teate/OneDrive/Dokument/GitHub/Content/Maps/Menu/Widgets/FindBlueKey.uasset" 319
"C:/Users/teate/OneDrive/Dokument/GitHub/Content/blueprints/BlueDoorBP.uasset" 320
"C:/Users/teate/OneDrive/Dokument/GitHub/Content/Maps/Menu/Widgets/PausButton.uasset" 321
"C:/Users/teate/OneDrive/Dokument/GitHub/Content/Maps/Level1_BuiltData.uasset" 322
"C:/Users/teate/OneDrive/Dokument/GitHub/Content/Maps/Level1.umap" 323
"C:/Users/teate/OneDrive/Dokument/GitHub/Content/Levels/Level2_Mesh.uasset" 324
"C:/Users/teate/OneDrive/Dokument/GitHub/Content/Levels/Materials/GroundMasks/GroundMask2.uasset" 325
"C:/Users/teate/OneDrive/Dokument/GitHub/Content/Levels/Materials/levelMaterial/Ground2.uasset" 326
"C:/Users/teate/OneDrive/Dokument/GitHub/Content/Maps/Level2_BuiltData.uasset" 327
"C:/Users/teate/OneDrive/Dokument/GitHub/Content/Maps/Level2.umap" 328
"C:/Users/teate/OneDrive/Dokument/GitHub/Content/Levels/Level3_Mesh.uasset" 329
"C:/Users/teate/OneDrive/Dokument/GitHub/Content/Levels/Materials/GroundMasks/GroundMask3.uasset" 330
"C:/Users/teate/OneDrive/Dokument/GitHub/Content/Levels/Materials/levelMaterial/Ground3.uasset" 331
"C:/Users/teate/OneDrive/Dokument/GitHub/Content/Maps/Level3_BuiltData.uasset" 332
"C:/Users/teate/OneDrive/Dokument/GitHub/Content/Maps/Level3.umap" 333
"C:/Users/teate/OneDrive/Dokument/GitHub/Content/Levels/Level4_Mesh.uasset" 334
"C:/Users/teate/OneDrive/Dokument/GitHub/Content/Levels/Materials/GroundMasks/GroundMask4.uasset" 335
"C:/Users/teate/OneDrive/Dokument/GitHub/Content/Levels/Materials/levelMaterial/Ground4.uasset" 336
"C:/Users/teate/OneDrive/Dokument/GitHub/Content/Maps/Level4_BuiltData.uasset" 337
"C:/Users/teate/OneDrive/Dokument/GitHub/Content/Maps/Level4.umap" 338
"C:/Users/teate/OneDrive/Dokument/GitHub/Content/Levels/Level5_Mesh.uasset" 339
"C:/Users/teate/OneDrive/Dokument/GitHub/Content/Levels/Materials/GroundMasks/GroundMask5.uasset" 340
"C:/Users/teate/OneDrive/Dokument/GitHub/Content/Levels/Materials/levelMaterial/Ground5.uasset" 341
"C:/Users/teate/OneDrive/Dokument/GitHub/Content/Maps/Level5_BuiltData.uasset" 342
"C:/Users/teate/OneDrive/Dokument/GitHub/Content/Maps/Level5.umap" 343
"C:/Users/teate/OneDrive/Dokument/GitHub/Content/Levels/Level6_Mesh.uasset" 344
"C:/Users/teate/OneDrive/Dokument/GitHub/Content/Levels/Materials/GroundMasks/GroundMask6.uasset" 345
"C:/Users/teate/OneDrive/Dokument/GitHub/Content/Levels/Materials/levelMaterial/Ground6.uasset" 346
"C:/Users/teate/OneDrive/Dokument/GitHub/Content/Maps/Level6_BuiltData.uasset" 347
"C:/Users/teate/OneDrive/Dokument/GitHub/Content/Maps/Level6.umap" 348
"C:/Users/teate/OneDrive/Dokument/GitHub/Content/Levels/Level7_Mesh.uasset" 349
"C:/Users/teate/OneDrive/Dokument/GitHub/Content/Levels/Materials/GroundMasks/GroundMask7.uasset" 350
"C:/Users/teate/OneDrive/Dokument/GitHub/Content/Levels/Materials/levelMaterial/Ground7.uasset" 351
"C:/Users/teate/OneDrive/Dokument/GitHub/Content/Maps/Level7_BuiltData.uasset" 352
"C:/Users/teate/OneDrive/Dokument/GitHub/Content/Maps/Level7.umap" 353
"../../../Engine/Content/EditorMeshes/ColorCalibrator/M_GreyBall.uasset" 354
"../../../Engine/Content/EditorMeshes/ColorCalibrator/Color_checker.uasset" 355
"../../../Engine/Content/EditorMeshes/ColorCalibrator/M_ColorGrid.uasset" 356
"../../../Engine/Content/EditorMeshes/ColorCalibrator/M_ClearCoatBlack.uasset" 357
"../../../Engine/Content/EditorMeshes/ColorCalibrator/M_ClearCoat.uasset" 358
"../../../Engine/Content/EditorMeshes/ColorCalibrator/M_ChromeBall.uasset" 359
"../../../Engine/Content/EditorMeshes/ColorCalibrator/SM_ColorCalibrator.uasset" 360
"C:/Users/teate/OneDrive/Dokument/GitHub/Content/StarterContent/Maps/Advanced_Lighting_BuiltData.uasset" 361
"C:/Users/teate/OneDrive/Dokument/GitHub/Content/StarterContent/HDRI/HDRI_Epic_Courtyard_Daylight.uasset" 362
"../../../Engine/Content/MapTemplates/Sky/DaylightAmbientCubemap.uasset" 363
"C:/Users/teate/OneDrive/Dokument/GitHub/Content/StarterContent/Blueprints/Assets/M_LightStage_Skybox_Master.uasset" 364
"C:/Users/teate/OneDrive/Dokument/GitHub/Content/StarterContent/Blueprints/Assets/M_LightStage_Skybox_HDRI.uasset" 365
"C:/Users/teate/OneDrive/Dokument/GitHub/Content/StarterContent/Blueprints/Assets/M_LightStage_Arrows.uasset" 366
"C:/Users/teate/OneDrive/Dokument/GitHub/Content/StarterContent/Blueprints/Assets/SM_Arrows.uasset" 367
"../../../Engine/Content/EditorMaterials/Thumbnails/SkySphereMaterial.uasset" 368
"C:/Users/teate/OneDrive/Dokument/GitHub/Content/StarterContent/Blueprints/Assets/Skybox.uasset" 369
"C:/Users/teate/OneDrive/Dokument/GitHub/Content/StarterContent/Blueprints/Assets/M_LightStage_Skybox_Black.uasset" 370
"C:/Users/teate/OneDrive/Dokument/GitHub/Content/StarterContent/Blueprints/Assets/SunlightColorLUT.uasset" 371
"C:/Users/teate/OneDrive/Dokument/GitHub/Content/StarterContent/Blueprints/Assets/FogBrightnessLUT.uasset" 372
"C:/Users/teate/OneDrive/Dokument/GitHub/Content/StarterContent/Blueprints/BP_LightStudio.uasset" 373
"C:/Users/teate/OneDrive/Dokument/GitHub/Content/StarterContent/Materials/M_AssetPlatform.uasset" 374
"C:/Users/teate/OneDrive/Dokument/GitHub/Content/StarterContent/Architecture/SM_AssetPlatform.uasset" 375
"C:/Users/teate/OneDrive/Dokument/GitHub/Content/StarterContent/Maps/Advanced_Lighting.umap" 376
"C:/Users/teate/OneDrive/Dokument/GitHub/Content/StarterContent/Textures/T_TableRound_N.uasset" 377
"C:/Users/teate/OneDrive/Dokument/GitHub/Content/StarterContent/Textures/T_TableRound_M.uasset" 378
"C:/Users/teate/OneDrive/Dokument/GitHub/Content/StarterContent/Props/Materials/M_TableRound.uasset" 379
"C:/Users/teate/OneDrive/Dokument/GitHub/Content/StarterContent/Props/SM_TableRound.uasset" 380
"C:/Users/teate/OneDrive/Dokument/GitHub/Content/StarterContent/Textures/T_Statue_N.uasset" 381
"C:/Users/teate/OneDrive/Dokument/GitHub/Content/StarterContent/Textures/T_Statue_M.uasset" 382
"C:/Users/teate/OneDrive/Dokument/GitHub/Content/StarterContent/Props/Materials/M_Statue.uasset" 383
"C:/Users/teate/OneDrive/Dokument/GitHub/Content/StarterContent/Props/Materials/M_StatueGlass.uasset" 384
"C:/Users/teate/OneDrive/Dokument/GitHub/Content/StarterContent/Props/SM_Statue.uasset" 385
"C:/Users/teate/OneDrive/Dokument/GitHub/Content/StarterContent/Textures/T_Chair_N.uasset" 386
"C:/Users/teate/OneDrive/Dokument/GitHub/Content/StarterContent/Textures/T_Chair_M.uasset" 387
"C:/Users/teate/OneDrive/Dokument/GitHub/Content/StarterContent/Props/Materials/M_Chair.uasset" 388
"C:/Users/teate/OneDrive/Dokument/GitHub/Content/StarterContent/Props/SM_Chair.uasset" 389
"C:/Users/teate/OneDrive/Dokument/GitHub/Content/StarterContent/Textures/T_Metal_Copper_D.uasset" 390
"C:/Users/teate/OneDrive/Dokument/GitHub/Content/StarterContent/Materials/M_Metal_Copper.uasset" 391
"C:/Users/teate/OneDrive/Dokument/GitHub/Content/StarterContent/Textures/T_Metal_Aluminum_D.uasset" 392
"C:/Users/teate/OneDrive/Dokument/GitHub/Content/StarterContent/Materials/M_Metal_Burnished_Steel.uasset" 393
"C:/Users/teate/OneDrive/Dokument/GitHub/Content/StarterContent/Materials/M_Metal_Brushed_Nickel.uasset" 394
"C:/Users/teate/OneDrive/Dokument/GitHub/Content/StarterContent/Maps/Minimal_Default_BuiltData.uasset" 395
"C:/Users/teate/OneDrive/Dokument/GitHub/Content/StarterContent/Audio/Starter_Background_Cue.uasset" 396
"C:/Users/teate/OneDrive/Dokument/GitHub/Content/StarterContent/Materials/M_Basic_Floor.uasset" 397
"C:/Users/teate/OneDrive/Dokument/GitHub/Content/StarterContent/Architecture/Floor_400x400.uasset" 398
"C:/Users/teate/OneDrive/Dokument/GitHub/Content/StarterContent/Maps/Minimal_Default.umap" 399
"C:/Users/teate/OneDrive/Dokument/GitHub/Content/StarterContent/Shapes/Shape_Sphere.uasset" 400
"C:/Users/teate/OneDrive/Dokument/GitHub/Content/StarterContent/Shapes/Shape_Cube.uasset" 401
"C:/Users/teate/OneDrive/Dokument/GitHub/Content/StarterContent/Props/SM_WindowFrame.uasset" 402
"C:/Users/teate/OneDrive/Dokument/GitHub/Content/StarterContent/Props/SM_PillarFrame.uasset" 403
"C:/Users/teate/OneDrive/Dokument/GitHub/Content/StarterContent/Materials/M_Glass.uasset" 404
"C:/Users/teate/OneDrive/Dokument/GitHub/Content/StarterContent/Props/SM_GlassWindow.uasset" 405
"C:/Users/teate/OneDrive/Dokument/GitHub/Content/StarterContent/Props/SM_DoorFrame.uasset" 406
"C:/Users/teate/OneDrive/Dokument/GitHub/Content/StarterContent/Props/SM_CornerFrame.uasset" 407
"C:/Users/teate/OneDrive/Dokument/GitHub/Content/StarterContent/Props/MaterialSphere.uasset" 408
"C:/Users/teate/OneDrive/Dokument/GitHub/Content/StarterContent/Textures/T_Dust_Particle_D.uasset" 409
"C:/Users/teate/OneDrive/Dokument/GitHub/Content/StarterContent/Particles/Materials/M_Dust_Particle.uasset" 410
"C:/Users/teate/OneDrive/Dokument/GitHub/Content/StarterContent/Particles/P_Ambient_Dust.uasset" 411
"C:/Users/teate/OneDrive/Dokument/GitHub/Content/StarterContent/Textures/T_Wood_Walnut_N.uasset" 412
"C:/Users/teate/OneDrive/Dokument/GitHub/Content/StarterContent/Textures/T_Wood_Walnut_D.uasset" 413
"C:/Users/teate/OneDrive/Dokument/GitHub/Content/StarterContent/Materials/M_Wood_Walnut.uasset" 414
"C:/Users/teate/OneDrive/Dokument/GitHub/Content/StarterContent/Textures/T_Wood_Pine_N.uasset" 415
"C:/Users/teate/OneDrive/Dokument/GitHub/Content/StarterContent/Textures/T_Wood_Pine_D.uasset" 416
"C:/Users/teate/OneDrive/Dokument/GitHub/Content/StarterContent/Materials/M_Wood_Pine.uasset" 417
"C:/Users/teate/OneDrive/Dokument/GitHub/Content/StarterContent/Textures/T_Wood_Oak_N.uasset" 418
"C:/Users/teate/OneDrive/Dokument/GitHub/Content/StarterContent/Textures/T_Wood_Oak_D.uasset" 419
"C:/Users/teate/OneDrive/Dokument/GitHub/Content/StarterContent/Materials/M_Wood_Oak.uasset" 420
"../../../Engine/Content/Functions/Engine_MaterialFunctions01/Opacity/AlphaOffset.uasset" 421
"C:/Users/teate/OneDrive/Dokument/GitHub/Content/StarterContent/Textures/T_Wood_Floor_Walnut_N.uasset" 422
"C:/Users/teate/OneDrive/Dokument/GitHub/Content/StarterContent/Textures/T_Wood_Floor_Walnut_M.uasset" 423
"C:/Users/teate/OneDrive/Dokument/GitHub/Content/StarterContent/Textures/T_Wood_Floor_Walnut_D.uasset" 424
"C:/Users/teate/OneDrive/Dokument/GitHub/Content/StarterContent/Materials/M_Wood_Floor_Walnut_Worn.uasset" 425
"C:/Users/teate/OneDrive/Dokument/GitHub/Content/StarterContent/Materials/M_Wood_Floor_Walnut_Polished.uasset" 426
"C:/Users/teate/OneDrive/Dokument/GitHub/Content/StarterContent/Textures/T_Water_M.uasset" 427
"C:/Users/teate/OneDrive/Dokument/GitHub/Content/StarterContent/Textures/T_Water_N.uasset" 428
"../../../Engine/Content/Functions/Engine_MaterialFunctions02/Utility/BlendAngleCorrectedNormals.uasset" 429
"C:/Users/teate/OneDrive/Dokument/GitHub/Content/StarterContent/Materials/M_Water_Ocean.uasset" 430
"C:/Users/teate/OneDrive/Dokument/GitHub/Content/StarterContent/Materials/M_Water_Lake.uasset" 431
"C:/Users/teate/OneDrive/Dokument/GitHub/Content/StarterContent/Textures/T_Tech_Panel_N.uasset" 432
"C:/Users/teate/OneDrive/Dokument/GitHub/Content/StarterContent/Textures/T_Tech_Panel_M.uasset" 433
"C:/Users/teate/OneDrive/Dokument/GitHub/Content/StarterContent/Materials/M_Tech_Panel.uasset" 434
"C:/Users/teate/OneDrive/Dokument/GitHub/Content/StarterContent/Textures/T_Tech_Hex_Tile_N.uasset" 435
"C:/Users/teate/OneDrive/Dokument/GitHub/Content/StarterContent/Textures/T_Tech_Hex_Tile_M.uasset" 436
"C:/Users/teate/OneDrive/Dokument/GitHub/Content/StarterContent/Materials/M_Tech_Hex_Tile_Pulse.uasset" 437
"C:/Users/teate/OneDrive/Dokument/GitHub/Content/StarterContent/Materials/M_Tech_Hex_Tile.uasset" 438
"C:/Users/teate/OneDrive/Dokument/GitHub/Content/StarterContent/Textures/T_Tech_Dot_N.uasset" 439
"C:/Users/teate/OneDrive/Dokument/GitHub/Content/StarterContent/Textures/T_Tech_Dot_M.uasset" 440
"C:/Users/teate/OneDrive/Dokument/GitHub/Content/StarterContent/Textures/T_Single_Tile_N.uasset" 441
"C:/Users/teate/OneDrive/Dokument/GitHub/Content/StarterContent/Textures/T_Checker_Noise_M.uasset" 442
"C:/Users/teate/OneDrive/Dokument/GitHub/Content/StarterContent/Materials/M_Tech_Checker_Dot.uasset" 443
"C:/Users/teate/OneDrive/Dokument/GitHub/Content/StarterContent/Textures/T_Rock_Slate_N.uasset" 444
"C:/Users/teate/OneDrive/Dokument/GitHub/Content/StarterContent/Textures/T_Rock_Slate_D.uasset" 445
"C:/Users/teate/OneDrive/Dokument/GitHub/Content/StarterContent/Materials/M_Rock_Slate.uasset" 446
"C:/Users/teate/OneDrive/Dokument/GitHub/Content/StarterContent/Textures/T_Rock_Sandstone_N.uasset" 447
"C:/Users/teate/OneDrive/Dokument/GitHub/Content/StarterContent/Textures/T_Rock_Sandstone_D.uasset" 448
"C:/Users/teate/OneDrive/Dokument/GitHub/Content/StarterContent/Materials/M_Rock_Sandstone.uasset" 449
"C:/Users/teate/OneDrive/Dokument/GitHub/Content/StarterContent/Materials/M_Rock_Marble_Polished.uasset" 450
"C:/Users/teate/OneDrive/Dokument/GitHub/Content/StarterContent/Textures/T_Rock_Basalt_N.uasset" 451
"C:/Users/teate/OneDrive/Dokument/GitHub/Content/StarterContent/Textures/T_Rock_Basalt_D.uasset" 452
"C:/Users/teate/OneDrive/Dokument/GitHub/Content/StarterContent/Materials/M_Rock_Basalt.uasset" 453
"C:/Users/teate/OneDrive/Dokument/GitHub/Content/StarterContent/Textures/T_Metal_Rust_D.uasset" 454
"C:/Users/teate/OneDrive/Dokument/GitHub/Content/StarterContent/Textures/T_Metal_Rust_N.uasset" 455
"C:/Users/teate/OneDrive/Dokument/GitHub/Content/StarterContent/Materials/M_Metal_Rust.uasset" 456
"C:/Users/teate/OneDrive/Dokument/GitHub/Content/StarterContent/Materials/M_Metal_Chrome.uasset" 457
"C:/Users/teate/OneDrive/Dokument/GitHub/Content/StarterContent/Textures/T_Ground_Gravel_N.uasset" 458
"C:/Users/teate/OneDrive/Dokument/GitHub/Content/StarterContent/Textures/T_Ground_Gravel_D.uasset" 459
"C:/Users/teate/OneDrive/Dokument/GitHub/Content/StarterContent/Materials/M_Ground_Gravel.uasset" 460
"C:/Users/teate/OneDrive/Dokument/GitHub/Content/StarterContent/Textures/T_Concrete_Tiles_Variation_M.uasset" 461
"C:/Users/teate/OneDrive/Dokument/GitHub/Content/StarterContent/Textures/T_Concrete_Tiles_N.uasset" 462
"C:/Users/teate/OneDrive/Dokument/GitHub/Content/StarterContent/Textures/T_Concrete_Tiles_M.uasset" 463
"C:/Users/teate/OneDrive/Dokument/GitHub/Content/StarterContent/Textures/T_Concrete_Tiles_D.uasset" 464
"C:/Users/teate/OneDrive/Dokument/GitHub/Content/StarterContent/Materials/M_Concrete_Tiles.uasset" 465
"C:/Users/teate/OneDrive/Dokument/GitHub/Content/StarterContent/Textures/T_Concrete_Panels_N.uasset" 466
"C:/Users/teate/OneDrive/Dokument/GitHub/Content/StarterContent/Textures/T_Concrete_Panels_D.uasset" 467
"C:/Users/teate/OneDrive/Dokument/GitHub/Content/StarterContent/Materials/M_Concrete_Panels.uasset" 468
"C:/Users/teate/OneDrive/Dokument/GitHub/Content/StarterContent/Textures/T_Concrete_Grime_D.uasset" 469
"C:/Users/teate/OneDrive/Dokument/GitHub/Content/StarterContent/Materials/M_Concrete_Grime.uasset" 470
"C:/Users/teate/OneDrive/Dokument/GitHub/Content/StarterContent/Textures/T_CobbleStone_Smooth_N.uasset" 471
"C:/Users/teate/OneDrive/Dokument/GitHub/Content/StarterContent/Textures/T_CobbleStone_Smooth_M.uasset" 472
"C:/Users/teate/OneDrive/Dokument/GitHub/Content/StarterContent/Textures/T_CobbleStone_Smooth_D.uasset" 473
"C:/Users/teate/OneDrive/Dokument/GitHub/Content/StarterContent/Textures/T_Rock_Smooth_Granite_D.uasset" 474
"C:/Users/teate/OneDrive/Dokument/GitHub/Content/StarterContent/Textures/T_Gradinet_01.uasset" 475
"C:/Users/teate/OneDrive/Dokument/GitHub/Content/StarterContent/Materials/M_CobbleStone_Smooth.uasset" 476
"C:/Users/teate/OneDrive/Dokument/GitHub/Content/StarterContent/Textures/T_CobbleStone_Rough_N.uasset" 477
"C:/Users/teate/OneDrive/Dokument/GitHub/Content/StarterContent/Textures/T_CobbleStone_Rough_D.uasset" 478
"C:/Users/teate/OneDrive/Dokument/GitHub/Content/StarterContent/Materials/M_CobbleStone_Rough.uasset" 479
"C:/Users/teate/OneDrive/Dokument/GitHub/Content/StarterContent/Textures/T_CobbleStone_Pebble_N.uasset" 480
"C:/Users/teate/OneDrive/Dokument/GitHub/Content/StarterContent/Textures/T_CobbleStone_Pebble_M.uasset" 481
"C:/Users/teate/OneDrive/Dokument/GitHub/Content/StarterContent/Textures/T_CobbleStone_Pebble_D.uasset" 482
"C:/Users/teate/OneDrive/Dokument/GitHub/Content/StarterContent/Materials/M_CobbleStone_Pebble.uasset" 483
"C:/Users/teate/OneDrive/Dokument/GitHub/Content/StarterContent/Textures/T_Brick_Hewn_Stone_N.uasset" 484
"C:/Users/teate/OneDrive/Dokument/GitHub/Content/StarterContent/Textures/T_Brick_Hewn_Stone_M.uasset" 485
"C:/Users/teate/OneDrive/Dokument/GitHub/Content/StarterContent/Textures/T_Brick_Hewn_Stone_D.uasset" 486
"C:/Users/teate/OneDrive/Dokument/GitHub/Content/StarterContent/Textures/T_Detail_Rocky_N.uasset" 487
"C:/Users/teate/OneDrive/Dokument/GitHub/Content/StarterContent/Materials/M_Brick_Hewn_Stone.uasset" 488
"C:/Users/teate/OneDrive/Dokument/GitHub/Content/StarterContent/Textures/T_Brick_Cut_Stone_N.uasset" 489
"C:/Users/teate/OneDrive/Dokument/GitHub/Content/StarterContent/Textures/T_Brick_Cut_Stone_D.uasset" 490
"C:/Users/teate/OneDrive/Dokument/GitHub/Content/StarterContent/Materials/M_Brick_Cut_Stone.uasset" 491
"C:/Users/teate/OneDrive/Dokument/GitHub/Content/StarterContent/Textures/T_Brick_Clay_Old_N.uasset" 492
"C:/Users/teate/OneDrive/Dokument/GitHub/Content/StarterContent/Textures/T_Brick_Clay_Old_D.uasset" 493
"C:/Users/teate/OneDrive/Dokument/GitHub/Content/StarterContent/Materials/M_Brick_Clay_Old.uasset" 494
"C:/Users/teate/OneDrive/Dokument/GitHub/Content/StarterContent/Textures/T_Brick_Clay_New_N.uasset" 495
"C:/Users/teate/OneDrive/Dokument/GitHub/Content/StarterContent/Textures/T_Brick_Clay_New_M.uasset" 496
"C:/Users/teate/OneDrive/Dokument/GitHub/Content/StarterContent/Textures/T_Brick_Clay_New_D.uasset" 497
"C:/Users/teate/OneDrive/Dokument/GitHub/Content/StarterContent/Materials/M_Brick_Clay_New.uasset" 498
"C:/Users/teate/OneDrive/Dokument/GitHub/Content/StarterContent/Textures/T_Brick_Clay_Beveled_N.uasset" 499
"C:/Users/teate/OneDrive/Dokument/GitHub/Content/StarterContent/Textures/T_Brick_Clay_Beveled_M.uasset" 500
"C:/Users/teate/OneDrive/Dokument/GitHub/Content/StarterContent/Textures/T_Brick_Clay_Beveled_D.uasset" 501
"C:/Users/teate/OneDrive/Dokument/GitHub/Content/StarterContent/Materials/M_Brick_Clay_Beveled.uasset" 502
"../../../Engine/Content/Functions/Engine_MaterialFunctions03/Procedurals/ComputeFilterWidth.uasset" 503
"../../../Engine/Content/EngineMaterials/AntiAliasedTextMaterialTranslucent.uasset" 504
"C:/Users/teate/OneDrive/Dokument/GitHub/Content/StarterContent/Maps/StarterMap_BuiltData.uasset" 505
"C:/Users/teate/OneDrive/Dokument/GitHub/Content/StarterContent/Textures/T_Concrete_Poured_N.uasset" 506
"C:/Users/teate/OneDrive/Dokument/GitHub/Content/StarterContent/Textures/T_Concrete_Poured_D.uasset" 507
"C:/Users/teate/OneDrive/Dokument/GitHub/Content/StarterContent/Materials/M_Concrete_Poured.uasset" 508
"C:/Users/teate/OneDrive/Dokument/GitHub/Content/StarterContent/Textures/T_Lamp_N.uasset" 509
"C:/Users/teate/OneDrive/Dokument/GitHub/Content/StarterContent/Textures/T_Lamp_M.uasset" 510
"C:/Users/teate/OneDrive/Dokument/GitHub/Content/StarterContent/Props/Materials/M_Lamp.uasset" 511
"C:/Users/teate/OneDrive/Dokument/GitHub/Content/StarterContent/Props/SM_Lamp_Wall.uasset" 512
"C:/Users/teate/OneDrive/Dokument/GitHub/Content/StarterContent/Blueprints/Blueprint_WallSconce.uasset" 513
"C:/Users/teate/OneDrive/Dokument/GitHub/Content/StarterContent/Textures/T_Smoke_Tiled_D.uasset" 514
"C:/Users/teate/OneDrive/Dokument/GitHub/Content/StarterContent/Textures/T_Smoke_SubUV.uasset" 515
"C:/Users/teate/OneDrive/Dokument/GitHub/Content/StarterContent/Particles/Materials/M_smoke_subUV.uasset" 516
"C:/Users/teate/OneDrive/Dokument/GitHub/Content/StarterContent/Particles/P_Steam_Lit.uasset" 517
"C:/Users/teate/OneDrive/Dokument/GitHub/Content/StarterContent/Audio/Steam01_Cue.uasset" 518
"C:/Users/teate/OneDrive/Dokument/GitHub/Content/StarterContent/Blueprints/Blueprint_Effect_Steam.uasset" 519
"C:/Users/teate/OneDrive/Dokument/GitHub/Content/StarterContent/Textures/T_Spark_Core.uasset" 520
"C:/Users/teate/OneDrive/Dokument/GitHub/Content/StarterContent/Particles/Materials/M_Spark.uasset" 521
"../../../Engine/Content/Functions/Engine_MaterialFunctions01/Gradient/RadialGradient.uasset" 522
"C:/Users/teate/OneDrive/Dokument/GitHub/Content/StarterContent/Particles/Materials/M_Radial_Gradient.uasset" 523
"C:/Users/teate/OneDrive/Dokument/GitHub/Content/StarterContent/Particles/P_Sparks.uasset" 524
"C:/Users/teate/OneDrive/Dokument/GitHub/Content/StarterContent/Audio/Fire_Sparks01_Cue.uasset" 525
"C:/Users/teate/OneDrive/Dokument/GitHub/Content/StarterContent/Blueprints/Blueprint_Effect_Sparks.uasset" 526
"C:/Users/teate/OneDrive/Dokument/GitHub/Content/StarterContent/Particles/P_Smoke.uasset" 527
"C:/Users/teate/OneDrive/Dokument/GitHub/Content/StarterContent/Audio/Smoke01_Cue.uasset" 528
"C:/Users/teate/OneDrive/Dokument/GitHub/Content/StarterContent/Blueprints/Blueprint_Effect_Smoke.uasset" 529
"C:/Users/teate/OneDrive/Dokument/GitHub/Content/StarterContent/Particles/Materials/M_Heat_Distortion.uasset" 530
"C:/Users/teate/OneDrive/Dokument/GitHub/Content/StarterContent/Textures/T_Fire_Tiled_D.uasset" 531
"C:/Users/teate/OneDrive/Dokument/GitHub/Content/StarterContent/Textures/T_Fire_SubUV.uasset" 532
"C:/Users/teate/OneDrive/Dokument/GitHub/Content/StarterContent/Particles/Materials/M_Fire_SubUV.uasset" 533
"C:/Users/teate/OneDrive/Dokument/GitHub/Content/StarterContent/Particles/P_Fire.uasset" 534
"C:/Users/teate/OneDrive/Dokument/GitHub/Content/StarterContent/Audio/Fire01_Cue.uasset" 535
"C:/Users/teate/OneDrive/Dokument/GitHub/Content/StarterContent/Blueprints/Blueprint_Effect_Fire.uasset" 536
"C:/Users/teate/OneDrive/Dokument/GitHub/Content/StarterContent/Props/SM_Lamp_Ceiling.uasset" 537
"C:/Users/teate/OneDrive/Dokument/GitHub/Content/StarterContent/Blueprints/Blueprint_CeilingLight.uasset" 538
"C:/Users/teate/OneDrive/Dokument/GitHub/Content/StarterContent/Audio/Starter_Music_Cue.uasset" 539
"C:/Users/teate/OneDrive/Dokument/GitHub/Content/StarterContent/Shapes/Shape_QuadPyramid.uasset" 540
"C:/Users/teate/OneDrive/Dokument/GitHub/Content/StarterContent/Architecture/Wall_400x200.uasset" 541
"C:/Users/teate/OneDrive/Dokument/GitHub/Content/StarterContent/Architecture/Wall_Door_400x300.uasset" 542
"C:/Users/teate/OneDrive/Dokument/GitHub/Content/StarterContent/Architecture/Wall_Window_400x300.uasset" 543
"C:/Users/teate/OneDrive/Dokument/GitHub/Content/StarterContent/Audio/Collapse_Cue.uasset" 544
"C:/Users/teate/OneDrive/Dokument/GitHub/Content/StarterContent/Maps/StarterMap.umap" 545
"../../../Engine/Content/Maps/Entry_BuiltData.uasset" 546
"../../../Engine/Content/Maps/Entry.umap" 547
