"../../../../../../Creative stuph/GitHub Repos/mazetest-adambranch/Content/Levels/Level1.uasset" 0
"../../../../../../Creative stuph/GitHub Repos/mazetest-adambranch/Content/Level1.uasset" 1
"../../../../../../Creative stuph/GitHub Repos/mazetest-adambranch/Content/Levels/Level2.uasset" 2
"../../../../../../Creative stuph/GitHub Repos/mazetest-adambranch/Content/Level2.uasset" 3
"../../../../../../Creative stuph/GitHub Repos/mazetest-adambranch/Content/StarterContent/Audio/Collapse01.uasset" 4
"../../../../../../Creative stuph/GitHub Repos/mazetest-adambranch/Content/StarterContent/Audio/Collapse02.uasset" 5
"../../../../../../Creative stuph/GitHub Repos/mazetest-adambranch/Content/StarterContent/Audio/Fire01.uasset" 6
"../../../../../../Creative stuph/GitHub Repos/mazetest-adambranch/Content/StarterContent/Audio/Fire_Sparks01.uasset" 7
"../../../../../../Creative stuph/GitHub Repos/mazetest-adambranch/Content/StarterContent/Audio/Smoke01.uasset" 8
"../../../../../../Creative stuph/GitHub Repos/mazetest-adambranch/Content/StarterContent/Audio/Starter_Birds01.uasset" 9
"../../../../../../Creative stuph/GitHub Repos/mazetest-adambranch/Content/StarterContent/Audio/Starter_Music01.uasset" 10
"../../../../../../Creative stuph/GitHub Repos/mazetest-adambranch/Content/StarterContent/Audio/Starter_Wind05.uasset" 11
"../../../../../../Creative stuph/GitHub Repos/mazetest-adambranch/Content/StarterContent/Audio/Starter_Wind06.uasset" 12
"../../../../../../Creative stuph/GitHub Repos/mazetest-adambranch/Content/StarterContent/Audio/Steam01.uasset" 13
"../../../Engine/Content/EditorBlueprintResources/StandardMacros.uasset" 14
"../../../Engine/Content/EditorBlueprintResources/ActorMacros.uasset" 15
"../../../Engine/Content/Animation/DefaultAnimCurveCompressionSettings.uasset" 16
"../../../Engine/Content/Animation/DefaultAnimBoneCompressionSettings.uasset" 17
"../../../../../../Creative stuph/GitHub Repos/mazetest-adambranch/Content/Mannequin/NewCharacter/Character_Skeleton.uasset" 18
"../../../../../../Creative stuph/GitHub Repos/mazetest-adambranch/Content/Mannequin/NewCharacter/Animations/Character_Anim_Walk.uasset" 19
"../../../../../../Creative stuph/GitHub Repos/mazetest-adambranch/Content/Mannequin/NewCharacter/Animations/Character_Anim_Standing.uasset" 20
"../../../../../../Creative stuph/GitHub Repos/mazetest-adambranch/Content/Mannequin/NewCharacter/Animations/Character_BlendSpace.uasset" 21
"../../../../../../Creative stuph/GitHub Repos/mazetest-adambranch/Content/Mannequin/NewCharacter/Animations/Character_BP.uasset" 22
"../../../../../../Creative stuph/GitHub Repos/mazetest-adambranch/Content/Mannequin/NewCharacter/Materials/teeth.uasset" 23
"../../../../../../Creative stuph/GitHub Repos/mazetest-adambranch/Content/Mannequin/NewCharacter/Materials/Material_003.uasset" 24
"../../../../../../Creative stuph/GitHub Repos/mazetest-adambranch/Content/blueprints/meshes/Plane_material.uasset" 25
"../../../../../../Creative stuph/GitHub Repos/mazetest-adambranch/Content/blueprints/footsteps/step_2.uasset" 26
"../../../../../../Creative stuph/GitHub Repos/mazetest-adambranch/Content/blueprints/footsteps/step4.uasset" 27
"../../../../../../Creative stuph/GitHub Repos/mazetest-adambranch/Content/blueprints/footsteps/step3.uasset" 28
"../../../../../../Creative stuph/GitHub Repos/mazetest-adambranch/Content/blueprints/footsteps/step1.uasset" 29
"../../../../../../Creative stuph/GitHub Repos/mazetest-adambranch/Content/blueprints/footsteps/Footstep_cue.uasset" 30
"../../../../../../Creative stuph/GitHub Repos/mazetest-adambranch/Content/Mannequin/NewCharacter/Character_PhysicsAsset.uasset" 31
"../../../../../../Creative stuph/GitHub Repos/mazetest-adambranch/Content/Mannequin/NewCharacter/Materials/Tongue.uasset" 32
"../../../../../../Creative stuph/GitHub Repos/mazetest-adambranch/Content/Mannequin/NewCharacter/Materials/eyeR.uasset" 33
"../../../../../../Creative stuph/GitHub Repos/mazetest-adambranch/Content/Mannequin/NewCharacter/Materials/eye_R.uasset" 34
"../../../../../../Creative stuph/GitHub Repos/mazetest-adambranch/Content/Mannequin/NewCharacter/Materials/bodyRoughness.uasset" 35
"../../../../../../Creative stuph/GitHub Repos/mazetest-adambranch/Content/Mannequin/NewCharacter/Materials/bodyNormal.uasset" 36
"../../../../../../Creative stuph/GitHub Repos/mazetest-adambranch/Content/Mannequin/NewCharacter/Materials/BodyColor3.uasset" 37
"../../../../../../Creative stuph/GitHub Repos/mazetest-adambranch/Content/Mannequin/NewCharacter/Materials/body.uasset" 38
"../../../../../../Creative stuph/GitHub Repos/mazetest-adambranch/Content/body2.uasset" 39
"../../../../../../Creative stuph/GitHub Repos/mazetest-adambranch/Content/Mannequin/NewCharacter/Character.uasset" 40
"../../../../../../Creative stuph/GitHub Repos/mazetest-adambranch/Content/widgets/AgentOrange.uasset" 41
"../../../../../../Creative stuph/GitHub Repos/mazetest-adambranch/Content/widgets/AgentOrange_Font.uasset" 42
"../../../../../../Creative stuph/GitHub Repos/mazetest-adambranch/Content/Maps/Menu/Widgets/Pause_menu.uasset" 43
"../../../../../../Creative stuph/GitHub Repos/mazetest-adambranch/Content/ThirdPersonBP/Blueprints/ThirdPersonCharacter.uasset" 44
"../../../../../../Creative stuph/GitHub Repos/mazetest-adambranch/Content/ThirdPersonBP/Blueprints/ThirdPersonGameMode.uasset" 45
"../../../../../../Creative stuph/GitHub Repos/mazetest-adambranch/Content/Maps/ThirdPersonExampleMap.uasset" 46
"../../../../../../Creative stuph/GitHub Repos/mazetest-adambranch/Content/Levels/ThirdPersonExampleMap.uasset" 47
"../../../../../../Creative stuph/GitHub Repos/mazetest-adambranch/Content/ThirdPersonBP/Maps/ThirdPersonExampleMap.uasset" 48
"../../../../../../Creative stuph/GitHub Repos/mazetest-adambranch/Content/widgets/Pause_menu.uasset" 49
"../../../../../../Creative stuph/GitHub Repos/mazetest-adambranch/Content/widgets/WINScreen_widget.uasset" 50
"../../../Engine/Content/EngineMaterials/T_Default_Material_Grid_N.uasset" 51
"../../../Engine/Content/EngineMaterials/T_Default_Material_Grid_M.uasset" 52
"../../../Engine/Content/Functions/Engine_MaterialFunctions01/Opacity/CameraDepthFade.uasset" 53
"../../../Engine/Content/EngineMaterials/WorldGridMaterial.uasset" 54
"../../../Engine/Content/ArtTools/RenderToTexture/Meshes/S_1_Unit_Plane.uasset" 55
"../../../Engine/Content/EngineMaterials/DefaultMaterial.uasset" 56
"../../../Engine/Content/BasicShapes/Cone.uasset" 57
"../../../Engine/Content/BasicShapes/Cube.uasset" 58
"../../../Engine/Content/BasicShapes/Plane.uasset" 59
"../../../Engine/Content/BasicShapes/Sphere.uasset" 60
"../../../Engine/Content/EditorLandscapeResources/DataLayer.uasset" 61
"../../../Engine/Content/EditorLandscapeResources/DefaultAlphaTexture.uasset" 62
"../../../Engine/Content/EditorMaterials/MAT_Groups_Toggle.uasset" 63
"../../../Engine/Content/EditorMaterials/MAT_Groups_Visibility.uasset" 64
"../../../Engine/Content/EditorMaterials/PreviewShadowIndicator.uasset" 65
"../../../Engine/Content/EditorMaterials/PreviewShadowIndicatorMaterial.uasset" 66
"../../../Engine/Content/EditorMaterials/MatineeGroups/MAT_ColorTrack.uasset" 67
"../../../Engine/Content/EditorMaterials/MatineeGroups/MAT_Groups_Anim.uasset" 68
"../../../Engine/Content/EditorMaterials/MatineeGroups/MAT_Groups_AudioMaster.uasset" 69
"../../../Engine/Content/EditorMaterials/MatineeGroups/MAT_Groups_Director.uasset" 70
"../../../Engine/Content/EditorMaterials/MatineeGroups/MAT_Groups_Event.uasset" 71
"../../../Engine/Content/EditorMaterials/MatineeGroups/MAT_Groups_Fade.uasset" 72
"../../../Engine/Content/EditorMaterials/MatineeGroups/MAT_Groups_Float.uasset" 73
"../../../Engine/Content/EditorMaterials/MatineeGroups/MAT_Groups_Move.uasset" 74
"../../../Engine/Content/EditorMaterials/MatineeGroups/MAT_Groups_Slomo.uasset" 75
"../../../Engine/Content/EditorMaterials/MatineeGroups/MAT_Groups_Sound.uasset" 76
"../../../Engine/Content/EditorMaterials/MatineeGroups/MAT_Groups_Vector.uasset" 77
"../../../Engine/Content/EditorMaterials/ParticleSystems/PSysThumbnail_NoImage.uasset" 78
"../../../Engine/Content/EditorMaterials/ParticleSystems/PSysThumbnail_OOD.uasset" 79
"../../../Engine/Content/EditorMaterials/Camera/CineMat.uasset" 80
"../../../Engine/Content/EditorMaterials/Camera/MI_CineMat_Rig.uasset" 81
"../../../Engine/Content/EditorMeshes/Camera/SM_CraneRig_Arm.uasset" 82
"../../../Engine/Content/EditorMeshes/Camera/SM_CraneRig_Base.uasset" 83
"../../../Engine/Content/EditorMeshes/Camera/SM_CraneRig_Body.uasset" 84
"../../../Engine/Content/EditorMeshes/Camera/SM_CraneRig_Mount.uasset" 85
"../../../Engine/Content/EditorMeshes/Camera/SM_RailRig_Mount.uasset" 86
"../../../Engine/Content/EditorMeshes/Camera/SM_RailRig_Track.uasset" 87
"../../../Engine/Content/EditorResources/BSPVertex.uasset" 88
"../../../Engine/Content/EditorResources/EmptyActor.uasset" 89
"../../../Engine/Content/EditorResources/S_Actor.uasset" 90
"../../../Engine/Content/EditorResources/S_Note.uasset" 91
"../../../Engine/Content/EditorResources/S_Solver.uasset" 92
"../../../Engine/Content/EditorResources/S_Terrain.uasset" 93
"../../../Engine/Content/EditorResources/S_Trigger.uasset" 94
"../../../Engine/Content/EditorResources/AudioIcons/S_AudioComponent.uasset" 95
"../../../Engine/Content/EditorResources/AudioIcons/S_AudioComponent_AutoActivate.uasset" 96
"../../../Engine/Content/EditorResources/LightIcons/S_LightError.uasset" 97
"../../../Engine/Content/EditorResources/SequenceRecorder/Countdown.uasset" 98
"../../../Engine/Content/EditorResources/SequenceRecorder/RecordingIndicator.uasset" 99
"../../../Engine/Content/EngineDamageTypes/DmgTypeBP_Environmental.uasset" 100
"../../../Engine/Content/EngineDebugMaterials/DebugEditorMaterial.uasset" 101
"../../../Engine/Content/EngineDebugMaterials/DebugMeshMaterial.uasset" 102
"../../../Engine/Content/EngineDebugMaterials/M_SimpleUnlitTranslucent.uasset" 103
"../../../Engine/Content/EngineDebugMaterials/VolumeToRender.uasset" 104
"../../../Engine/Content/Functions/Engine_MaterialFunctions02/Utility/CameraDirectionVector.uasset" 105
"../../../Engine/Content/EngineDebugMaterials/M_VolumeRenderSphereTracePP.uasset" 106
"../../../Engine/Content/Functions/Engine_MaterialFunctions01/Shading/ConvertFromDiffSpec.uasset" 107
"../../../Engine/Content/EngineDebugMaterials/VertexColorMaterial.uasset" 108
"../../../Engine/Content/EngineDebugMaterials/WireframeMaterial.uasset" 109
"../../../Engine/Content/EngineFonts/Faces/RobotoRegular.uasset" 110
"../../../Engine/Content/EngineFonts/Faces/RobotoLight.uasset" 111
"../../../Engine/Content/EngineFonts/Faces/RobotoItalic.uasset" 112
"../../../Engine/Content/EngineFonts/Faces/RobotoBoldItalic.uasset" 113
"../../../Engine/Content/EngineFonts/Faces/RobotoBold.uasset" 114
"../../../Engine/Content/EngineFonts/Faces/DroidSansFallback.uasset" 115
"../../../Engine/Content/EngineFonts/Roboto.uasset" 116
"../../../Engine/Content/EngineMaterials/BaseFlattenNormalMap.uasset" 117
"../../../Engine/Content/EngineMaterials/BaseFlattenGrayscaleMap.uasset" 118
"../../../Engine/Content/EngineMaterials/BaseFlattenEmissiveMap.uasset" 119
"../../../Engine/Content/EngineMaterials/BaseFlattenDiffuseMap.uasset" 120
"../../../Engine/Content/EngineMaterials/BaseFlattenMaterial.uasset" 121
"../../../Engine/Content/EngineMaterials/BlueNoise.uasset" 122
"../../../Engine/Content/EngineMaterials/DefaultBloomKernel.uasset" 123
"../../../Engine/Content/EngineMaterials/DefaultBokeh.uasset" 124
"../../../Engine/Content/EngineMaterials/DefaultDiffuse.uasset" 125
"../../../Engine/Content/EngineMaterials/DefaultDeferredDecalMaterial.uasset" 126
"../../../Engine/Content/EngineMaterials/DefaultLightFunctionMaterial.uasset" 127
"../../../Engine/Content/EngineMaterials/DefaultPhysicalMaterial.uasset" 128
"../../../Engine/Content/Functions/Engine_MaterialFunctions02/Utility/BreakOutFloat2Components.uasset" 129
"../../../Engine/Content/EngineMaterials/DefaultPostProcessMaterial.uasset" 130
"../../../Engine/Content/EngineFonts/RobotoDistanceField.uasset" 131
"../../../Engine/Content/EngineMaterials/DefaultTextMaterialOpaque.uasset" 132
"../../../Engine/Content/EngineMaterials/DefaultWhiteGrid.uasset" 133
"../../../Engine/Content/EngineMaterials/DefaultWhiteGrid_Low.uasset" 134
"../../../Engine/Content/EngineMaterials/EmissiveMeshMaterial.uasset" 135
"../../../Engine/Content/EngineMaterials/GizmoMaterial.uasset" 136
"../../../Engine/Content/EngineMaterials/Good64x64TilingNoiseHighFreq.uasset" 137
"../../../Engine/Content/EngineMaterials/MiniFont.uasset" 138
"../../../Engine/Content/EngineMaterials/InvalidLightmapSettings.uasset" 139
"../../../Engine/Content/EngineMaterials/M_InvalidLightmapSettings.uasset" 140
"../../../Engine/Content/Functions/Engine_MaterialFunctions02/WorldPositionOffset/CameraOffset.uasset" 141
"../../../Engine/Content/EngineMaterials/PhAT_JointLimitMaterial.uasset" 142
"../../../Engine/Content/EngineMaterials/PreintegratedSkinBRDF.uasset" 143
"../../../Engine/Content/EngineMaterials/RemoveSurfaceMaterial.uasset" 144
"../../../Engine/Content/EngineMaterials/WeightMapPlaceholderTexture.uasset" 145
"../../../Engine/Content/EngineResources/WhiteSquareTexture.uasset" 146
"../../../Engine/Content/EngineMaterials/Widget3DPassThrough.uasset" 147
"../../../Engine/Content/EngineMaterials/Widget3DPassThrough_Masked.uasset" 148
"../../../Engine/Content/EngineMaterials/Widget3DPassThrough_Opaque.uasset" 149
"../../../Engine/Content/EngineMaterials/Widget3DPassThrough_Masked_OneSided.uasset" 150
"../../../Engine/Content/EngineMaterials/Widget3DPassThrough_Opaque_OneSided.uasset" 151
"../../../Engine/Content/EngineMaterials/Widget3DPassThrough_Translucent.uasset" 152
"../../../Engine/Content/EngineMaterials/Widget3DPassThrough_Translucent_OneSided.uasset" 153
"../../../Engine/Content/EngineMeshes/Cylinder.uasset" 154
"../../../Engine/Content/EngineMeshes/Sphere.uasset" 155
"../../../Engine/Content/EngineResources/Black.uasset" 156
"../../../Engine/Content/EngineResources/DefaultTextureCube.uasset" 157
"../../../Engine/Content/EngineResources/DefaultVolumeTexture2D.uasset" 158
"../../../Engine/Content/EngineResources/DefaultVolumeTexture.uasset" 159
"../../../Engine/Content/EngineResources/GradientTexture0.uasset" 160
"../../../Engine/Content/EngineSky/VolumetricClouds/T_NoiseShape64.uasset" 161
"../../../Engine/Content/EngineSky/VolumetricClouds/T_VolumeNoiseShape64.uasset" 162
"../../../Engine/Content/EngineSky/VolumetricClouds/T_NoiseErosion.uasset" 163
"../../../Engine/Content/EngineSky/VolumetricClouds/T_VolumeNoiseErosion32.uasset" 164
"../../../Engine/Content/EngineSky/VolumetricClouds/CloudWeatherTexture.uasset" 165
"../../../Engine/Content/EngineSky/VolumetricClouds/CloudGradientTexture.uasset" 166
"../../../Engine/Content/Functions/Engine_MaterialFunctions02/Utility/MakeFloat2.uasset" 167
"../../../Engine/Content/EngineSky/VolumetricClouds/m_SimpleVolumetricCloud.uasset" 168
"../../../Engine/Content/EngineSky/VolumetricClouds/m_SimpleVolumetricCloud_Inst.uasset" 169
"../../../Engine/Content/EngineSounds/Master.uasset" 170
"../../../Engine/Content/Functions/Engine_MaterialFunctions01/Shading/PowerToRoughness.uasset" 171
"../../../Engine/Content/Maps/Templates/Thumbnails/Default.uasset" 172
"../../../Engine/Content/Maps/Templates/Thumbnails/TimeOfDay.uasset" 173
"../../../Engine/Content/Maps/Templates/Thumbnails/VR-Basic.uasset" 174
"../../../Engine/Content/MobileResources/T_MobileControls_texture.uasset" 175
"../../../Engine/Content/MobileResources/T_MobileMenu2.uasset" 176
"../../../Engine/Content/MobileResources/HUD/AnalogHat.uasset" 177
"../../../Engine/Content/MobileResources/HUD/VirtualJoystick_Thumb.uasset" 178
"../../../Engine/Content/MobileResources/HUD/VirtualJoystick_Background.uasset" 179
"../../../Engine/Content/MobileResources/HUD/DefaultVirtualJoysticks.uasset" 180
"../../../Engine/Content/MobileResources/HUD/LeftVirtualJoystickOnly.uasset" 181
"../../../Engine/Content/MobileResources/HUD/MobileHUDButton1_off.uasset" 182
"../../../Engine/Content/MobileResources/HUD/MobileHUDButton1_on.uasset" 183
"../../../Engine/Content/MobileResources/HUD/MobileHUDButton2_off.uasset" 184
"../../../Engine/Content/MobileResources/HUD/MobileHUDButton2_on.uasset" 185
"../../../Engine/Content/MobileResources/HUD/MobileHUDButton3.uasset" 186
"../../../Engine/Content/MobileResources/HUD/MobileHUDButtonFire.uasset" 187
"../../../Engine/Content/MobileResources/HUD/MobileHUDDirectionPad.uasset" 188
"../../../Engine/Content/MobileResources/HUD/MobileHUDDirectionPad2.uasset" 189
"../../../Engine/Content/MobileResources/HUD/MobileHUDDirectionPad3.uasset" 190
"../../../Engine/Content/MobileResources/HUD/MobileHUDDirectionStick.uasset" 191
"../../../Engine/Content/MobileResources/HUD/T_Castle_ThumbstickInner.uasset" 192
"../../../Engine/Content/MobileResources/HUD/T_Castle_ThumbstickOutter.uasset" 193
"../../../Engine/Content/Tutorial/ContentIntroCurve.uasset" 194
"../../../Engine/Content/Tutorial/Basics/LevelEditorAttract.uasset" 195
"../../../Engine/Content/Tutorial/Basics/TutorialAssets/icon_tab_Levels_40x.uasset" 196
"../../../Engine/Content/Tutorial/Basics/LevelEditorOverview.uasset" 197
"../../../Engine/Content/Tutorial/BlueprintTutorials/TutorialAssets/Blueprint_64x.uasset" 198
"../../../Engine/Content/Tutorial/BlueprintTutorials/BlueprintEditorTutorial.uasset" 199
"../../../Engine/Content/Tutorial/BlueprintTutorials/LevelBlueprintEditorOverview.uasset" 200
"../../../Engine/Content/Tutorial/Mobile/SettingUpLuminTutorial.uasset" 201
"../../../Engine/Content/VREditor/TransformGizmo/TranslucentTransformGizmoMaterial.uasset" 202
"../../../Engine/Content/VREditor/LaserPointer/VR_LaserPower_01.uasset" 203
"../../../Engine/Content/VREditor/TransformGizmo/TransformGizmoMaterial.uasset" 204
"../../../Engine/Content/VREditor/TransformGizmo/BoundingBoxCorner.uasset" 205
"../../../Engine/Content/VREditor/TransformGizmo/BoundingBoxEdge.uasset" 206
"../../../Engine/Content/VREditor/TransformGizmo/PlaneTranslationHandle.uasset" 207
"../../../Engine/Content/VREditor/TransformGizmo/Xray.uasset" 208
"../../../Engine/Content/VREditor/TransformGizmo/Main.uasset" 209
"../../../Engine/Content/VREditor/TransformGizmo/SM_Sequencer_Key.uasset" 210
"../../../Engine/Content/VREditor/TransformGizmo/SM_Sequencer_Node.uasset" 211
"../../Plugins/2D/Paper2D/Content/PlaceholderTextures/DummySpriteTexture.uasset" 212
"../../Plugins/2D/Paper2D/Content/DummySprite.uasset" 213
"../../Plugins/2D/Paper2D/Content/DefaultPaperTerrainMaterial.uasset" 214
"../../Plugins/2D/Paper2D/Content/DefaultSpriteMaterial.uasset" 215
"../../Plugins/2D/Paper2D/Content/MaskedUnlitSpriteMaterial.uasset" 216
"../../Plugins/2D/Paper2D/Content/OpaqueUnlitSpriteMaterial.uasset" 217
"../../../Engine/Content/Functions/Engine_MaterialFunctions02/ObjectLocalBounds.uasset" 218
"../../../Engine/Content/Functions/Engine_MaterialFunctions02/Utility/BreakOutFloat3Components.uasset" 219
"../../Plugins/Editor/SpeedTreeImporter/Content/SpeedTree9/UnpackInteger3.uasset" 220
"../../Plugins/Editor/SpeedTreeImporter/Content/SpeedTree9/UnpackDirection.uasset" 221
"../../Plugins/Editor/SpeedTreeImporter/Content/SpeedTree9/game_wind_noise.uasset" 222
"../../../Engine/Content/Functions/Engine_MaterialFunctions02/SafeNormalize.uasset" 223
"../../Plugins/Editor/SpeedTreeImporter/Content/SpeedTree9/SpeedTreeWindMotion.uasset" 224
"../../Plugins/Editor/SpeedTreeImporter/Content/SpeedTree9/SpeedTreeBranchMotion.uasset" 225
"../../../Engine/Content/Functions/Engine_MaterialFunctions02/UVs/BoundingBoxBased_0-1_UVW.uasset" 226
"../../Plugins/Editor/SpeedTreeImporter/Content/SpeedTree9/SpeedTreeWind.uasset" 227
"../../Plugins/Editor/SpeedTreeImporter/Content/SpeedTree9/SpeedTreeBillboard.uasset" 228
"../../../Engine/Content/EngineResources/DefaultTexture.uasset" 229
"../../Plugins/Editor/SpeedTreeImporter/Content/SpeedTree9/SpeedTreeBillboardMaster.uasset" 230
"../../Plugins/Editor/SpeedTreeImporter/Content/SpeedTree9/SpeedTreeCameraFacing.uasset" 231
"../../Plugins/Editor/SpeedTreeImporter/Content/SpeedTree9/SpeedTreeMaster.uasset" 232
"../../../Engine/Content/ArtTools/RenderToTexture/Materials/Debug/M_Emissive_Color.uasset" 233
"../../../Engine/Content/BasicShapes/Cylinder.uasset" 234
"../../Plugins/Lumin/MagicLeapPassableWorld/Content/MagicLeapARPinInfoActor.uasset" 235
"../../../Engine/Content/Functions/Engine_MaterialFunctions02/Utility/BreakOutFloat4Components.uasset" 236
"../../../Engine/Content/Functions/Engine_MaterialFunctions02/Utility/MakeFloat3.uasset" 237
"../../Plugins/Runtime/Oculus/OculusVR/Content/Materials/OculusMR_ChromaKey.uasset" 238
"../../Plugins/Runtime/Oculus/OculusVR/Content/Materials/OculusMR_OpaqueColoredMaterial.uasset" 239
"../../Plugins/Runtime/Oculus/OculusVR/Content/Materials/PokeAHoleMaterial.uasset" 240
"../../../../../../Creative stuph/GitHub Repos/mazetest-adambranch/Content/Maps/Editor_BuiltData.uasset" 241
"../../../../../../Creative stuph/GitHub Repos/mazetest-adambranch/Content/Maps/Editor.umap" 242
"../../../../../../Creative stuph/GitHub Repos/mazetest-adambranch/Content/Maps/Menu/Widgets/PausButton.uasset" 243
"../../../../../../Creative stuph/GitHub Repos/mazetest-adambranch/Content/StarterContent/Textures/T_Ground_Moss_N.uasset" 244
"../../../../../../Creative stuph/GitHub Repos/mazetest-adambranch/Content/StarterContent/Textures/T_ground_Moss_D.uasset" 245
"../../../../../../Creative stuph/GitHub Repos/mazetest-adambranch/Content/StarterContent/Textures/T_Perlin_Noise_M.uasset" 246
"../../../../../../Creative stuph/GitHub Repos/mazetest-adambranch/Content/StarterContent/Textures/T_MacroVariation.uasset" 247
"../../../../../../Creative stuph/GitHub Repos/mazetest-adambranch/Content/StarterContent/Materials/M_Ground_Moss.uasset" 248
"../../../../../../Creative stuph/GitHub Repos/mazetest-adambranch/Content/Levels/Materials/levelMaterial/Border_Roughness.uasset" 249
"../../../../../../Creative stuph/GitHub Repos/mazetest-adambranch/Content/Levels/Materials/levelMaterial/Border_diffuse.uasset" 250
"../../../../../../Creative stuph/GitHub Repos/mazetest-adambranch/Content/Levels/Materials/levelMaterial/Border.uasset" 251
"../../../../../../Creative stuph/GitHub Repos/mazetest-adambranch/Content/Levels/Level4_Mesh.uasset" 252
"../../../../../../Creative stuph/GitHub Repos/mazetest-adambranch/Content/blueprints/soundeffects/gamemusic.uasset" 253
"../../../../../../Creative stuph/GitHub Repos/mazetest-adambranch/Content/blueprints/soundeffects/gamemusic_Cue.uasset" 254
"../../../Engine/Content/EngineSky/T_Sky_Stars.uasset" 255
"../../../Engine/Content/EngineSky/T_Sky_Clouds_M.uasset" 256
"../../../Engine/Content/EngineSky/T_Sky_Blue.uasset" 257
"../../../../../../Creative stuph/GitHub Repos/mazetest-adambranch/Content/Levels/Textures/Maze/Moss002_2K_Roughness.uasset" 258
"../../../../../../Creative stuph/GitHub Repos/mazetest-adambranch/Content/Levels/Textures/Maze/Moss002_2K_NormalDX.uasset" 259
"../../../../../../Creative stuph/GitHub Repos/mazetest-adambranch/Content/Levels/Textures/Maze/Moss002_2K_Color.uasset" 260
"../../../../../../Creative stuph/GitHub Repos/mazetest-adambranch/Content/Levels/Materials/levelMaterial/Maze2.uasset" 261
"../../../../../../Creative stuph/GitHub Repos/mazetest-adambranch/Content/Levels/Textures/path/PavingStones050_1K_NormalDX.uasset" 262
"../../../../../../Creative stuph/GitHub Repos/mazetest-adambranch/Content/Levels/Textures/path/PavingStones050_1K_Color.uasset" 263
"../../../../../../Creative stuph/GitHub Repos/mazetest-adambranch/Content/Levels/Textures/path/Paving_roughness.uasset" 264
"../../../../../../Creative stuph/GitHub Repos/mazetest-adambranch/Content/Levels/Textures/Mud/Ground_roughness_001.uasset" 265
"../../../../../../Creative stuph/GitHub Repos/mazetest-adambranch/Content/Levels/Textures/Mud/Ground023_1K_NormalDX.uasset" 266
"../../../../../../Creative stuph/GitHub Repos/mazetest-adambranch/Content/Levels/Textures/Mud/Ground023_1K_Color.uasset" 267
"../../../Engine/Content/EngineMaterials/BlendFunc_DefBlend.uasset" 268
"../../../Engine/Content/EngineMaterials/BlendFunc_DefBase.uasset" 269
"../../../Engine/Content/Functions/Engine_MaterialFunctions03/Blends/Blend_Screen.uasset" 270
"../../../Engine/Content/Functions/Engine_MaterialFunctions01/Texturing/FlattenNormal.uasset" 271
"../../../../../../Creative stuph/GitHub Repos/mazetest-adambranch/Content/Levels/Materials/GroundMasks/GroundMask4.uasset" 272
"../../../../../../Creative stuph/GitHub Repos/mazetest-adambranch/Content/Levels/Materials/levelMaterial/Ground4.uasset" 273
"../../../../../../Creative stuph/GitHub Repos/mazetest-adambranch/Content/Levels/Materials/GroundMasks/GroundMask1.uasset" 274
"../../../../../../Creative stuph/GitHub Repos/mazetest-adambranch/Content/Levels/Materials/levelMaterial/Ground1.uasset" 275
"../../../Engine/Content/EngineSky/M_Sky_Panning_Clouds2.uasset" 276
"../../../../../../Creative stuph/GitHub Repos/mazetest-adambranch/Content/Maps/Level1_BuiltData.uasset" 277
"../../../../../../Creative stuph/GitHub Repos/mazetest-adambranch/Content/StarterContent/Textures/T_Frame_N.uasset" 278
"../../../../../../Creative stuph/GitHub Repos/mazetest-adambranch/Content/StarterContent/Textures/T_Frame_M.uasset" 279
"../../../../../../Creative stuph/GitHub Repos/mazetest-adambranch/Content/StarterContent/Props/Materials/M_Frame.uasset" 280
"../../../../../../Creative stuph/GitHub Repos/mazetest-adambranch/Content/StarterContent/Props/SM_PillarFrame300.uasset" 281
"../../../../../../Creative stuph/GitHub Repos/mazetest-adambranch/Content/blueprints/soundeffects/success-fanfare-trumpets-6185.uasset" 282
"../../../../../../Creative stuph/GitHub Repos/mazetest-adambranch/Content/blueprints/soundeffects/WINSOUND_cue.uasset" 283
"../../../../../../Creative stuph/GitHub Repos/mazetest-adambranch/Content/blueprints/meshes/Plane.uasset" 284
"../../../../../../Creative stuph/GitHub Repos/mazetest-adambranch/Content/StarterContent/Textures/T_Rock_Marble_Polished_D.uasset" 285
"../../../../../../Creative stuph/GitHub Repos/mazetest-adambranch/Content/StarterContent/Textures/T_Ceramic_Tile_N.uasset" 286
"../../../../../../Creative stuph/GitHub Repos/mazetest-adambranch/Content/StarterContent/Textures/T_Ceramic_Tile_M.uasset" 287
"../../../../../../Creative stuph/GitHub Repos/mazetest-adambranch/Content/StarterContent/Materials/M_Ceramic_Tile_Checker.uasset" 288
"../../../../../../Creative stuph/GitHub Repos/mazetest-adambranch/Content/StarterContent/Textures/T_Metal_Gold_D.uasset" 289
"../../../../../../Creative stuph/GitHub Repos/mazetest-adambranch/Content/StarterContent/Textures/T_Metal_Gold_N.uasset" 290
"../../../../../../Creative stuph/GitHub Repos/mazetest-adambranch/Content/StarterContent/Materials/M_Metal_Gold.uasset" 291
"../../../../../../Creative stuph/GitHub Repos/mazetest-adambranch/Content/Maps/Menu/Widgets/WinChoose.uasset" 292
"../../../../../../Creative stuph/GitHub Repos/mazetest-adambranch/Content/blueprints/WinTrigger.uasset" 293
"../../../../../../Creative stuph/GitHub Repos/mazetest-adambranch/Content/StarterContent/Materials/M_Basic_Wall.uasset" 294
"../../../../../../Creative stuph/GitHub Repos/mazetest-adambranch/Content/StarterContent/Shapes/Shape_NarrowCapsule.uasset" 295
"../../../../../../Creative stuph/GitHub Repos/mazetest-adambranch/Content/blueprints/soundeffects/Squish_Sound_Effect_HD.uasset" 296
"../../../../../../Creative stuph/GitHub Repos/mazetest-adambranch/Content/blueprints/soundeffects/speedtrap_cue.uasset" 297
"../../../../../../Creative stuph/GitHub Repos/mazetest-adambranch/Content/StarterContent/Textures/T_Metal_Steel_N.uasset" 298
"../../../../../../Creative stuph/GitHub Repos/mazetest-adambranch/Content/StarterContent/Textures/T_Metal_Steel_D.uasset" 299
"../../../../../../Creative stuph/GitHub Repos/mazetest-adambranch/Content/StarterContent/Materials/M_Metal_Steel.uasset" 300
"../../../../../../Creative stuph/GitHub Repos/mazetest-adambranch/Content/blueprints/speedtrap.uasset" 301
"../../../../../../Creative stuph/GitHub Repos/mazetest-adambranch/Content/blueprints/soundeffects/220173__gameaudio__spacey-1up-power-up.uasset" 302
"../../../../../../Creative stuph/GitHub Repos/mazetest-adambranch/Content/blueprints/soundeffects/speedsound_cue.uasset" 303
"../../../../../../Creative stuph/GitHub Repos/mazetest-adambranch/Content/blueprints/meshes/blixt.uasset" 304
"../../../../../../Creative stuph/GitHub Repos/mazetest-adambranch/Content/blueprints/speedboost.uasset" 305
"../../../../../../Creative stuph/GitHub Repos/mazetest-adambranch/Content/Levels/Materials/RedKey_M.uasset" 306
"../../../../../../Creative stuph/GitHub Repos/mazetest-adambranch/Content/Levels/Textures/Keys/redKey.uasset" 307
"../../../../../../Creative stuph/GitHub Repos/mazetest-adambranch/Content/Maps/Menu/Widgets/RedKey.uasset" 308
"../../../../../../Creative stuph/GitHub Repos/mazetest-adambranch/Content/blueprints/soundeffects/422971__dkiller2204__sfxkeypickup.uasset" 309
"../../../../../../Creative stuph/GitHub Repos/mazetest-adambranch/Content/blueprints/soundeffects/422971__dkiller2204__sfxkeypickup_Cue.uasset" 310
"../../../../../../Creative stuph/GitHub Repos/mazetest-adambranch/Content/Levels/Key.uasset" 311
"../../../../../../Creative stuph/GitHub Repos/mazetest-adambranch/Content/blueprints/RedKeyBP.uasset" 312
"../../../../../../Creative stuph/GitHub Repos/mazetest-adambranch/Content/Levels/Level1_Mesh.uasset" 313
"../../../../../../Creative stuph/GitHub Repos/mazetest-adambranch/Content/Maps/Menu/Widgets/FindRedKey.uasset" 314
"../../../../../../Creative stuph/GitHub Repos/mazetest-adambranch/Content/Levels/Textures/Door/Wood066_2K_Roughness.uasset" 315
"../../../../../../Creative stuph/GitHub Repos/mazetest-adambranch/Content/Levels/Textures/Door/Wood066_2K_NormalGL.uasset" 316
"../../../../../../Creative stuph/GitHub Repos/mazetest-adambranch/Content/Levels/Textures/Door/Wood066_2K_Color.uasset" 317
"../../../../../../Creative stuph/GitHub Repos/mazetest-adambranch/Content/Levels/Materials/Door/Door1.uasset" 318
"../../../../../../Creative stuph/GitHub Repos/mazetest-adambranch/Content/Levels/DoorV2.uasset" 319
"../../../../../../Creative stuph/GitHub Repos/mazetest-adambranch/Content/blueprints/soundeffects/431117__inspectorj__door-front-opening-a.uasset" 320
"../../../../../../Creative stuph/GitHub Repos/mazetest-adambranch/Content/blueprints/soundeffects/Opendoor_cue.uasset" 321
"../../../../../../Creative stuph/GitHub Repos/mazetest-adambranch/Content/blueprints/RedDoorBP.uasset" 322
"../../../../../../Creative stuph/GitHub Repos/mazetest-adambranch/Content/blueprints/soundeffects/lightsound-source.uasset" 323
"../../../../../../Creative stuph/GitHub Repos/mazetest-adambranch/Content/blueprints/soundeffects/lightsound.uasset" 324
"../../../../../../Creative stuph/GitHub Repos/mazetest-adambranch/Content/blueprints/meshes/uploads_files_210383_Ampoule_Ampoule_Culot.uasset" 325
"../../../../../../Creative stuph/GitHub Repos/mazetest-adambranch/Content/blueprints/meshes/Ampoule_Bulbe_Verre.uasset" 326
"../../../../../../Creative stuph/GitHub Repos/mazetest-adambranch/Content/blueprints/meshes/uploads_files_210383_Ampoule_Ampoule_Bulbe.uasset" 327
"../../../../../../Creative stuph/GitHub Repos/mazetest-adambranch/Content/blueprints/Lightboost.uasset" 328
"../../../../../../Creative stuph/GitHub Repos/mazetest-adambranch/Content/Levels/Textures/Keys/blueKey.uasset" 329
"../../../../../../Creative stuph/GitHub Repos/mazetest-adambranch/Content/Maps/Menu/Widgets/BlueKey.uasset" 330
"../../../../../../Creative stuph/GitHub Repos/mazetest-adambranch/Content/Levels/Materials/BlueKey_M.uasset" 331
"../../../../../../Creative stuph/GitHub Repos/mazetest-adambranch/Content/blueprints/BlueKeyBP.uasset" 332
"../../../../../../Creative stuph/GitHub Repos/mazetest-adambranch/Content/Maps/Menu/Widgets/FindBlueKey.uasset" 333
"../../../../../../Creative stuph/GitHub Repos/mazetest-adambranch/Content/blueprints/BlueDoorBP.uasset" 334
"../../../Engine/Content/EngineSky/SM_SkySphere.uasset" 335
"../../../Engine/Content/EngineSky/C_Sky_Zenith_Color.uasset" 336
"../../../Engine/Content/EngineSky/C_Sky_Horizon_Color.uasset" 337
"../../../Engine/Content/EngineSky/C_Sky_Cloud_Color.uasset" 338
"../../../Engine/Content/EngineSky/BP_Sky_Sphere.uasset" 339
"../../../../../../Creative stuph/GitHub Repos/mazetest-adambranch/Content/Maps/Level1.umap" 340
"../../../../../../Creative stuph/GitHub Repos/mazetest-adambranch/Content/Levels/Level2_Mesh.uasset" 341
"../../../../../../Creative stuph/GitHub Repos/mazetest-adambranch/Content/Levels/Materials/GroundMasks/GroundMask2.uasset" 342
"../../../../../../Creative stuph/GitHub Repos/mazetest-adambranch/Content/Levels/Materials/levelMaterial/Ground2.uasset" 343
"../../../../../../Creative stuph/GitHub Repos/mazetest-adambranch/Content/Maps/Level2_BuiltData.uasset" 344
"../../../../../../Creative stuph/GitHub Repos/mazetest-adambranch/Content/Maps/Level2.umap" 345
"../../../../../../Creative stuph/GitHub Repos/mazetest-adambranch/Content/Levels/Level3_Mesh.uasset" 346
"../../../../../../Creative stuph/GitHub Repos/mazetest-adambranch/Content/Levels/Materials/GroundMasks/GroundMask3.uasset" 347
"../../../../../../Creative stuph/GitHub Repos/mazetest-adambranch/Content/Levels/Materials/levelMaterial/Ground3.uasset" 348
"../../../../../../Creative stuph/GitHub Repos/mazetest-adambranch/Content/Maps/Level3_BuiltData.uasset" 349
"../../../../../../Creative stuph/GitHub Repos/mazetest-adambranch/Content/Maps/Level3.umap" 350
"../../../../../../Creative stuph/GitHub Repos/mazetest-adambranch/Content/Maps/Level4_BuiltData.uasset" 351
"../../../../../../Creative stuph/GitHub Repos/mazetest-adambranch/Content/Maps/Level4.umap" 352
"../../../../../../Creative stuph/GitHub Repos/mazetest-adambranch/Content/Levels/Level5_Mesh.uasset" 353
"../../../../../../Creative stuph/GitHub Repos/mazetest-adambranch/Content/Levels/Materials/GroundMasks/GroundMask5.uasset" 354
"../../../../../../Creative stuph/GitHub Repos/mazetest-adambranch/Content/Levels/Materials/levelMaterial/Ground5.uasset" 355
"../../../../../../Creative stuph/GitHub Repos/mazetest-adambranch/Content/Maps/Level5_BuiltData.uasset" 356
"../../../../../../Creative stuph/GitHub Repos/mazetest-adambranch/Content/Maps/Level5.umap" 357
"../../../../../../Creative stuph/GitHub Repos/mazetest-adambranch/Content/Levels/Level6_Mesh.uasset" 358
"../../../../../../Creative stuph/GitHub Repos/mazetest-adambranch/Content/Levels/Materials/GroundMasks/GroundMask6.uasset" 359
"../../../../../../Creative stuph/GitHub Repos/mazetest-adambranch/Content/Levels/Materials/levelMaterial/Ground6.uasset" 360
"../../../../../../Creative stuph/GitHub Repos/mazetest-adambranch/Content/Maps/Level6_BuiltData.uasset" 361
"../../../../../../Creative stuph/GitHub Repos/mazetest-adambranch/Content/Maps/Level6.umap" 362
"../../../../../../Creative stuph/GitHub Repos/mazetest-adambranch/Content/Levels/Level7_Mesh.uasset" 363
"../../../../../../Creative stuph/GitHub Repos/mazetest-adambranch/Content/Levels/Materials/GroundMasks/GroundMask7.uasset" 364
"../../../../../../Creative stuph/GitHub Repos/mazetest-adambranch/Content/Levels/Materials/levelMaterial/Ground7.uasset" 365
"../../../../../../Creative stuph/GitHub Repos/mazetest-adambranch/Content/Maps/Level7_BuiltData.uasset" 366
"../../../../../../Creative stuph/GitHub Repos/mazetest-adambranch/Content/Maps/Level7.umap" 367
"../../../../../../Creative stuph/GitHub Repos/mazetest-adambranch/Content/blueprints/Box.uasset" 368
"../../../../../../Creative stuph/GitHub Repos/mazetest-adambranch/Content/StarterContent/Textures/T_Ground_Grass_N.uasset" 369
"../../../../../../Creative stuph/GitHub Repos/mazetest-adambranch/Content/StarterContent/Textures/T_Ground_Grass_D.uasset" 370
"../../../../../../Creative stuph/GitHub Repos/mazetest-adambranch/Content/StarterContent/Materials/M_Ground_Grass.uasset" 371
"../../../../../../Creative stuph/GitHub Repos/mazetest-adambranch/Content/Maps/WaitingRoom.umap" 372
"../../../../../../Creative stuph/GitHub Repos/mazetest-adambranch/Content/Maps/Menu/Widgets/Loadingscreen.uasset" 373
"../../../../../../Creative stuph/GitHub Repos/mazetest-adambranch/Content/Maps/Menu/Widgets/ServerWidget.uasset" 374
"../../../../../../Creative stuph/GitHub Repos/mazetest-adambranch/Content/Maps/Menu/MainMenu.umap" 375
"../../../../../../Creative stuph/GitHub Repos/mazetest-adambranch/Content/StarterContent/Maps/Advanced_Lighting_BuiltData.uasset" 376
"../../../../../../Creative stuph/GitHub Repos/mazetest-adambranch/Content/StarterContent/HDRI/HDRI_Epic_Courtyard_Daylight.uasset" 377
"../../../Engine/Content/MapTemplates/Sky/DaylightAmbientCubemap.uasset" 378
"../../../../../../Creative stuph/GitHub Repos/mazetest-adambranch/Content/StarterContent/Blueprints/Assets/M_LightStage_Skybox_Master.uasset" 379
"../../../../../../Creative stuph/GitHub Repos/mazetest-adambranch/Content/StarterContent/Blueprints/Assets/M_LightStage_Skybox_HDRI.uasset" 380
"../../../../../../Creative stuph/GitHub Repos/mazetest-adambranch/Content/StarterContent/Blueprints/Assets/M_LightStage_Arrows.uasset" 381
"../../../../../../Creative stuph/GitHub Repos/mazetest-adambranch/Content/StarterContent/Blueprints/Assets/SM_Arrows.uasset" 382
"../../../Engine/Content/EditorMaterials/Thumbnails/SkySphereMaterial.uasset" 383
"../../../../../../Creative stuph/GitHub Repos/mazetest-adambranch/Content/StarterContent/Blueprints/Assets/Skybox.uasset" 384
"../../../../../../Creative stuph/GitHub Repos/mazetest-adambranch/Content/StarterContent/Blueprints/Assets/M_LightStage_Skybox_Black.uasset" 385
"../../../../../../Creative stuph/GitHub Repos/mazetest-adambranch/Content/StarterContent/Blueprints/Assets/SunlightColorLUT.uasset" 386
"../../../../../../Creative stuph/GitHub Repos/mazetest-adambranch/Content/StarterContent/Blueprints/Assets/FogBrightnessLUT.uasset" 387
"../../../../../../Creative stuph/GitHub Repos/mazetest-adambranch/Content/StarterContent/Blueprints/BP_LightStudio.uasset" 388
"../../../../../../Creative stuph/GitHub Repos/mazetest-adambranch/Content/StarterContent/Materials/M_AssetPlatform.uasset" 389
"../../../../../../Creative stuph/GitHub Repos/mazetest-adambranch/Content/StarterContent/Architecture/SM_AssetPlatform.uasset" 390
"../../../Engine/Content/EditorMeshes/ColorCalibrator/M_GreyBall.uasset" 391
"../../../Engine/Content/EditorMeshes/ColorCalibrator/Color_checker.uasset" 392
"../../../Engine/Content/EditorMeshes/ColorCalibrator/M_ColorGrid.uasset" 393
"../../../Engine/Content/EditorMeshes/ColorCalibrator/M_ClearCoatBlack.uasset" 394
"../../../Engine/Content/EditorMeshes/ColorCalibrator/M_ClearCoat.uasset" 395
"../../../Engine/Content/EditorMeshes/ColorCalibrator/M_ChromeBall.uasset" 396
"../../../Engine/Content/EditorMeshes/ColorCalibrator/SM_ColorCalibrator.uasset" 397
"../../../../../../Creative stuph/GitHub Repos/mazetest-adambranch/Content/StarterContent/Maps/Advanced_Lighting.umap" 398
"../../../../../../Creative stuph/GitHub Repos/mazetest-adambranch/Content/StarterContent/Audio/Starter_Background_Cue.uasset" 399
"../../../../../../Creative stuph/GitHub Repos/mazetest-adambranch/Content/StarterContent/Materials/M_Basic_Floor.uasset" 400
"../../../../../../Creative stuph/GitHub Repos/mazetest-adambranch/Content/StarterContent/Architecture/Floor_400x400.uasset" 401
"../../../../../../Creative stuph/GitHub Repos/mazetest-adambranch/Content/StarterContent/Textures/T_TableRound_N.uasset" 402
"../../../../../../Creative stuph/GitHub Repos/mazetest-adambranch/Content/StarterContent/Textures/T_TableRound_M.uasset" 403
"../../../../../../Creative stuph/GitHub Repos/mazetest-adambranch/Content/StarterContent/Props/Materials/M_TableRound.uasset" 404
"../../../../../../Creative stuph/GitHub Repos/mazetest-adambranch/Content/StarterContent/Props/SM_TableRound.uasset" 405
"../../../../../../Creative stuph/GitHub Repos/mazetest-adambranch/Content/StarterContent/Textures/T_Statue_N.uasset" 406
"../../../../../../Creative stuph/GitHub Repos/mazetest-adambranch/Content/StarterContent/Textures/T_Statue_M.uasset" 407
"../../../../../../Creative stuph/GitHub Repos/mazetest-adambranch/Content/StarterContent/Props/Materials/M_Statue.uasset" 408
"../../../../../../Creative stuph/GitHub Repos/mazetest-adambranch/Content/StarterContent/Props/Materials/M_StatueGlass.uasset" 409
"../../../../../../Creative stuph/GitHub Repos/mazetest-adambranch/Content/StarterContent/Props/SM_Statue.uasset" 410
"../../../../../../Creative stuph/GitHub Repos/mazetest-adambranch/Content/StarterContent/Textures/T_Chair_N.uasset" 411
"../../../../../../Creative stuph/GitHub Repos/mazetest-adambranch/Content/StarterContent/Textures/T_Chair_M.uasset" 412
"../../../../../../Creative stuph/GitHub Repos/mazetest-adambranch/Content/StarterContent/Props/Materials/M_Chair.uasset" 413
"../../../../../../Creative stuph/GitHub Repos/mazetest-adambranch/Content/StarterContent/Props/SM_Chair.uasset" 414
"../../../../../../Creative stuph/GitHub Repos/mazetest-adambranch/Content/StarterContent/Textures/T_Metal_Copper_D.uasset" 415
"../../../../../../Creative stuph/GitHub Repos/mazetest-adambranch/Content/StarterContent/Materials/M_Metal_Copper.uasset" 416
"../../../../../../Creative stuph/GitHub Repos/mazetest-adambranch/Content/StarterContent/Textures/T_Metal_Aluminum_D.uasset" 417
"../../../../../../Creative stuph/GitHub Repos/mazetest-adambranch/Content/StarterContent/Materials/M_Metal_Burnished_Steel.uasset" 418
"../../../../../../Creative stuph/GitHub Repos/mazetest-adambranch/Content/StarterContent/Materials/M_Metal_Brushed_Nickel.uasset" 419
"../../../../../../Creative stuph/GitHub Repos/mazetest-adambranch/Content/StarterContent/Maps/Minimal_Default_BuiltData.uasset" 420
"../../../../../../Creative stuph/GitHub Repos/mazetest-adambranch/Content/StarterContent/Maps/Minimal_Default.umap" 421
"../../../../../../Creative stuph/GitHub Repos/mazetest-adambranch/Content/StarterContent/Textures/T_Lamp_N.uasset" 422
"../../../../../../Creative stuph/GitHub Repos/mazetest-adambranch/Content/StarterContent/Textures/T_Lamp_M.uasset" 423
"../../../../../../Creative stuph/GitHub Repos/mazetest-adambranch/Content/StarterContent/Props/Materials/M_Lamp.uasset" 424
"../../../../../../Creative stuph/GitHub Repos/mazetest-adambranch/Content/StarterContent/Props/SM_Lamp_Wall.uasset" 425
"../../../../../../Creative stuph/GitHub Repos/mazetest-adambranch/Content/StarterContent/Blueprints/Blueprint_WallSconce.uasset" 426
"../../../../../../Creative stuph/GitHub Repos/mazetest-adambranch/Content/StarterContent/Textures/T_Smoke_Tiled_D.uasset" 427
"../../../../../../Creative stuph/GitHub Repos/mazetest-adambranch/Content/StarterContent/Textures/T_Smoke_SubUV.uasset" 428
"../../../../../../Creative stuph/GitHub Repos/mazetest-adambranch/Content/StarterContent/Particles/Materials/M_smoke_subUV.uasset" 429
"../../../../../../Creative stuph/GitHub Repos/mazetest-adambranch/Content/StarterContent/Particles/P_Steam_Lit.uasset" 430
"../../../../../../Creative stuph/GitHub Repos/mazetest-adambranch/Content/StarterContent/Audio/Steam01_Cue.uasset" 431
"../../../../../../Creative stuph/GitHub Repos/mazetest-adambranch/Content/StarterContent/Blueprints/Blueprint_Effect_Steam.uasset" 432
"../../../../../../Creative stuph/GitHub Repos/mazetest-adambranch/Content/StarterContent/Textures/T_Spark_Core.uasset" 433
"../../../../../../Creative stuph/GitHub Repos/mazetest-adambranch/Content/StarterContent/Particles/Materials/M_Spark.uasset" 434
"../../../Engine/Content/Functions/Engine_MaterialFunctions01/Gradient/RadialGradient.uasset" 435
"../../../../../../Creative stuph/GitHub Repos/mazetest-adambranch/Content/StarterContent/Particles/Materials/M_Radial_Gradient.uasset" 436
"../../../../../../Creative stuph/GitHub Repos/mazetest-adambranch/Content/StarterContent/Particles/P_Sparks.uasset" 437
"../../../../../../Creative stuph/GitHub Repos/mazetest-adambranch/Content/StarterContent/Audio/Fire_Sparks01_Cue.uasset" 438
"../../../../../../Creative stuph/GitHub Repos/mazetest-adambranch/Content/StarterContent/Blueprints/Blueprint_Effect_Sparks.uasset" 439
"../../../../../../Creative stuph/GitHub Repos/mazetest-adambranch/Content/StarterContent/Particles/P_Smoke.uasset" 440
"../../../../../../Creative stuph/GitHub Repos/mazetest-adambranch/Content/StarterContent/Audio/Smoke01_Cue.uasset" 441
"../../../../../../Creative stuph/GitHub Repos/mazetest-adambranch/Content/StarterContent/Blueprints/Blueprint_Effect_Smoke.uasset" 442
"../../../../../../Creative stuph/GitHub Repos/mazetest-adambranch/Content/StarterContent/Textures/T_Water_N.uasset" 443
"../../../../../../Creative stuph/GitHub Repos/mazetest-adambranch/Content/StarterContent/Particles/Materials/M_Heat_Distortion.uasset" 444
"../../../../../../Creative stuph/GitHub Repos/mazetest-adambranch/Content/StarterContent/Textures/T_Fire_Tiled_D.uasset" 445
"../../../../../../Creative stuph/GitHub Repos/mazetest-adambranch/Content/StarterContent/Textures/T_Fire_SubUV.uasset" 446
"../../../../../../Creative stuph/GitHub Repos/mazetest-adambranch/Content/StarterContent/Particles/Materials/M_Fire_SubUV.uasset" 447
"../../../../../../Creative stuph/GitHub Repos/mazetest-adambranch/Content/StarterContent/Particles/P_Fire.uasset" 448
"../../../../../../Creative stuph/GitHub Repos/mazetest-adambranch/Content/StarterContent/Audio/Fire01_Cue.uasset" 449
"../../../../../../Creative stuph/GitHub Repos/mazetest-adambranch/Content/StarterContent/Blueprints/Blueprint_Effect_Fire.uasset" 450
"../../../../../../Creative stuph/GitHub Repos/mazetest-adambranch/Content/StarterContent/Props/SM_Lamp_Ceiling.uasset" 451
"../../../../../../Creative stuph/GitHub Repos/mazetest-adambranch/Content/StarterContent/Blueprints/Blueprint_CeilingLight.uasset" 452
"../../../../../../Creative stuph/GitHub Repos/mazetest-adambranch/Content/StarterContent/Audio/Starter_Music_Cue.uasset" 453
"../../../../../../Creative stuph/GitHub Repos/mazetest-adambranch/Content/StarterContent/Audio/Collapse_Cue.uasset" 454
"../../../../../../Creative stuph/GitHub Repos/mazetest-adambranch/Content/StarterContent/Architecture/Wall_Window_400x300.uasset" 455
"../../../../../../Creative stuph/GitHub Repos/mazetest-adambranch/Content/StarterContent/Architecture/Wall_Door_400x300.uasset" 456
"../../../../../../Creative stuph/GitHub Repos/mazetest-adambranch/Content/StarterContent/Architecture/Wall_400x200.uasset" 457
"../../../../../../Creative stuph/GitHub Repos/mazetest-adambranch/Content/StarterContent/Shapes/Shape_Sphere.uasset" 458
"../../../../../../Creative stuph/GitHub Repos/mazetest-adambranch/Content/StarterContent/Shapes/Shape_Cube.uasset" 459
"../../../../../../Creative stuph/GitHub Repos/mazetest-adambranch/Content/StarterContent/Props/SM_WindowFrame.uasset" 460
"../../../../../../Creative stuph/GitHub Repos/mazetest-adambranch/Content/StarterContent/Props/SM_PillarFrame.uasset" 461
"../../../../../../Creative stuph/GitHub Repos/mazetest-adambranch/Content/StarterContent/Materials/M_Glass.uasset" 462
"../../../../../../Creative stuph/GitHub Repos/mazetest-adambranch/Content/StarterContent/Props/SM_GlassWindow.uasset" 463
"../../../../../../Creative stuph/GitHub Repos/mazetest-adambranch/Content/StarterContent/Props/SM_DoorFrame.uasset" 464
"../../../../../../Creative stuph/GitHub Repos/mazetest-adambranch/Content/StarterContent/Props/SM_CornerFrame.uasset" 465
"../../../../../../Creative stuph/GitHub Repos/mazetest-adambranch/Content/StarterContent/Props/MaterialSphere.uasset" 466
"../../../../../../Creative stuph/GitHub Repos/mazetest-adambranch/Content/StarterContent/Textures/T_Dust_Particle_D.uasset" 467
"../../../../../../Creative stuph/GitHub Repos/mazetest-adambranch/Content/StarterContent/Particles/Materials/M_Dust_Particle.uasset" 468
"../../../../../../Creative stuph/GitHub Repos/mazetest-adambranch/Content/StarterContent/Particles/P_Ambient_Dust.uasset" 469
"../../../../../../Creative stuph/GitHub Repos/mazetest-adambranch/Content/StarterContent/Textures/T_Wood_Walnut_N.uasset" 470
"../../../../../../Creative stuph/GitHub Repos/mazetest-adambranch/Content/StarterContent/Textures/T_Wood_Walnut_D.uasset" 471
"../../../../../../Creative stuph/GitHub Repos/mazetest-adambranch/Content/StarterContent/Materials/M_Wood_Walnut.uasset" 472
"../../../../../../Creative stuph/GitHub Repos/mazetest-adambranch/Content/StarterContent/Textures/T_Wood_Pine_N.uasset" 473
"../../../../../../Creative stuph/GitHub Repos/mazetest-adambranch/Content/StarterContent/Textures/T_Wood_Pine_D.uasset" 474
"../../../../../../Creative stuph/GitHub Repos/mazetest-adambranch/Content/StarterContent/Materials/M_Wood_Pine.uasset" 475
"../../../../../../Creative stuph/GitHub Repos/mazetest-adambranch/Content/StarterContent/Textures/T_Wood_Oak_N.uasset" 476
"../../../../../../Creative stuph/GitHub Repos/mazetest-adambranch/Content/StarterContent/Textures/T_Wood_Oak_D.uasset" 477
"../../../../../../Creative stuph/GitHub Repos/mazetest-adambranch/Content/StarterContent/Materials/M_Wood_Oak.uasset" 478
"../../../Engine/Content/Functions/Engine_MaterialFunctions01/Opacity/AlphaOffset.uasset" 479
"../../../../../../Creative stuph/GitHub Repos/mazetest-adambranch/Content/StarterContent/Textures/T_Wood_Floor_Walnut_N.uasset" 480
"../../../../../../Creative stuph/GitHub Repos/mazetest-adambranch/Content/StarterContent/Textures/T_Wood_Floor_Walnut_M.uasset" 481
"../../../../../../Creative stuph/GitHub Repos/mazetest-adambranch/Content/StarterContent/Textures/T_Wood_Floor_Walnut_D.uasset" 482
"../../../../../../Creative stuph/GitHub Repos/mazetest-adambranch/Content/StarterContent/Materials/M_Wood_Floor_Walnut_Worn.uasset" 483
"../../../../../../Creative stuph/GitHub Repos/mazetest-adambranch/Content/StarterContent/Materials/M_Wood_Floor_Walnut_Polished.uasset" 484
"../../../../../../Creative stuph/GitHub Repos/mazetest-adambranch/Content/StarterContent/Textures/T_Water_M.uasset" 485
"../../../Engine/Content/Functions/Engine_MaterialFunctions02/Utility/BlendAngleCorrectedNormals.uasset" 486
"../../../../../../Creative stuph/GitHub Repos/mazetest-adambranch/Content/StarterContent/Materials/M_Water_Ocean.uasset" 487
"../../../../../../Creative stuph/GitHub Repos/mazetest-adambranch/Content/StarterContent/Materials/M_Water_Lake.uasset" 488
"../../../../../../Creative stuph/GitHub Repos/mazetest-adambranch/Content/StarterContent/Textures/T_Tech_Panel_N.uasset" 489
"../../../../../../Creative stuph/GitHub Repos/mazetest-adambranch/Content/StarterContent/Textures/T_Tech_Panel_M.uasset" 490
"../../../../../../Creative stuph/GitHub Repos/mazetest-adambranch/Content/StarterContent/Materials/M_Tech_Panel.uasset" 491
"../../../../../../Creative stuph/GitHub Repos/mazetest-adambranch/Content/StarterContent/Textures/T_Tech_Hex_Tile_N.uasset" 492
"../../../../../../Creative stuph/GitHub Repos/mazetest-adambranch/Content/StarterContent/Textures/T_Tech_Hex_Tile_M.uasset" 493
"../../../../../../Creative stuph/GitHub Repos/mazetest-adambranch/Content/StarterContent/Materials/M_Tech_Hex_Tile_Pulse.uasset" 494
"../../../../../../Creative stuph/GitHub Repos/mazetest-adambranch/Content/StarterContent/Materials/M_Tech_Hex_Tile.uasset" 495
"../../../../../../Creative stuph/GitHub Repos/mazetest-adambranch/Content/StarterContent/Textures/T_Tech_Dot_N.uasset" 496
"../../../../../../Creative stuph/GitHub Repos/mazetest-adambranch/Content/StarterContent/Textures/T_Tech_Dot_M.uasset" 497
"../../../../../../Creative stuph/GitHub Repos/mazetest-adambranch/Content/StarterContent/Textures/T_Single_Tile_N.uasset" 498
"../../../../../../Creative stuph/GitHub Repos/mazetest-adambranch/Content/StarterContent/Textures/T_Checker_Noise_M.uasset" 499
"../../../../../../Creative stuph/GitHub Repos/mazetest-adambranch/Content/StarterContent/Materials/M_Tech_Checker_Dot.uasset" 500
"../../../../../../Creative stuph/GitHub Repos/mazetest-adambranch/Content/StarterContent/Textures/T_Rock_Slate_N.uasset" 501
"../../../../../../Creative stuph/GitHub Repos/mazetest-adambranch/Content/StarterContent/Textures/T_Rock_Slate_D.uasset" 502
"../../../../../../Creative stuph/GitHub Repos/mazetest-adambranch/Content/StarterContent/Materials/M_Rock_Slate.uasset" 503
"../../../../../../Creative stuph/GitHub Repos/mazetest-adambranch/Content/StarterContent/Textures/T_Rock_Sandstone_N.uasset" 504
"../../../../../../Creative stuph/GitHub Repos/mazetest-adambranch/Content/StarterContent/Textures/T_Rock_Sandstone_D.uasset" 505
"../../../../../../Creative stuph/GitHub Repos/mazetest-adambranch/Content/StarterContent/Materials/M_Rock_Sandstone.uasset" 506
"../../../../../../Creative stuph/GitHub Repos/mazetest-adambranch/Content/StarterContent/Materials/M_Rock_Marble_Polished.uasset" 507
"../../../../../../Creative stuph/GitHub Repos/mazetest-adambranch/Content/StarterContent/Textures/T_Rock_Basalt_N.uasset" 508
"../../../../../../Creative stuph/GitHub Repos/mazetest-adambranch/Content/StarterContent/Textures/T_Rock_Basalt_D.uasset" 509
"../../../../../../Creative stuph/GitHub Repos/mazetest-adambranch/Content/StarterContent/Materials/M_Rock_Basalt.uasset" 510
"../../../../../../Creative stuph/GitHub Repos/mazetest-adambranch/Content/StarterContent/Textures/T_Metal_Rust_D.uasset" 511
"../../../../../../Creative stuph/GitHub Repos/mazetest-adambranch/Content/StarterContent/Textures/T_Metal_Rust_N.uasset" 512
"../../../../../../Creative stuph/GitHub Repos/mazetest-adambranch/Content/StarterContent/Materials/M_Metal_Rust.uasset" 513
"../../../../../../Creative stuph/GitHub Repos/mazetest-adambranch/Content/StarterContent/Materials/M_Metal_Chrome.uasset" 514
"../../../../../../Creative stuph/GitHub Repos/mazetest-adambranch/Content/StarterContent/Textures/T_Ground_Gravel_N.uasset" 515
"../../../../../../Creative stuph/GitHub Repos/mazetest-adambranch/Content/StarterContent/Textures/T_Ground_Gravel_D.uasset" 516
"../../../../../../Creative stuph/GitHub Repos/mazetest-adambranch/Content/StarterContent/Materials/M_Ground_Gravel.uasset" 517
"../../../../../../Creative stuph/GitHub Repos/mazetest-adambranch/Content/StarterContent/Textures/T_Concrete_Tiles_Variation_M.uasset" 518
"../../../../../../Creative stuph/GitHub Repos/mazetest-adambranch/Content/StarterContent/Textures/T_Concrete_Tiles_N.uasset" 519
"../../../../../../Creative stuph/GitHub Repos/mazetest-adambranch/Content/StarterContent/Textures/T_Concrete_Tiles_M.uasset" 520
"../../../../../../Creative stuph/GitHub Repos/mazetest-adambranch/Content/StarterContent/Textures/T_Concrete_Tiles_D.uasset" 521
"../../../../../../Creative stuph/GitHub Repos/mazetest-adambranch/Content/StarterContent/Materials/M_Concrete_Tiles.uasset" 522
"../../../../../../Creative stuph/GitHub Repos/mazetest-adambranch/Content/StarterContent/Textures/T_Concrete_Panels_N.uasset" 523
"../../../../../../Creative stuph/GitHub Repos/mazetest-adambranch/Content/StarterContent/Textures/T_Concrete_Panels_D.uasset" 524
"../../../../../../Creative stuph/GitHub Repos/mazetest-adambranch/Content/StarterContent/Materials/M_Concrete_Panels.uasset" 525
"../../../../../../Creative stuph/GitHub Repos/mazetest-adambranch/Content/StarterContent/Textures/T_Concrete_Grime_D.uasset" 526
"../../../../../../Creative stuph/GitHub Repos/mazetest-adambranch/Content/StarterContent/Materials/M_Concrete_Grime.uasset" 527
"../../../../../../Creative stuph/GitHub Repos/mazetest-adambranch/Content/StarterContent/Textures/T_CobbleStone_Smooth_N.uasset" 528
"../../../../../../Creative stuph/GitHub Repos/mazetest-adambranch/Content/StarterContent/Textures/T_CobbleStone_Smooth_M.uasset" 529
"../../../../../../Creative stuph/GitHub Repos/mazetest-adambranch/Content/StarterContent/Textures/T_CobbleStone_Smooth_D.uasset" 530
"../../../../../../Creative stuph/GitHub Repos/mazetest-adambranch/Content/StarterContent/Textures/T_Rock_Smooth_Granite_D.uasset" 531
"../../../../../../Creative stuph/GitHub Repos/mazetest-adambranch/Content/StarterContent/Textures/T_Gradinet_01.uasset" 532
"../../../../../../Creative stuph/GitHub Repos/mazetest-adambranch/Content/StarterContent/Materials/M_CobbleStone_Smooth.uasset" 533
"../../../../../../Creative stuph/GitHub Repos/mazetest-adambranch/Content/StarterContent/Textures/T_CobbleStone_Rough_N.uasset" 534
"../../../../../../Creative stuph/GitHub Repos/mazetest-adambranch/Content/StarterContent/Textures/T_CobbleStone_Rough_D.uasset" 535
"../../../../../../Creative stuph/GitHub Repos/mazetest-adambranch/Content/StarterContent/Materials/M_CobbleStone_Rough.uasset" 536
"../../../../../../Creative stuph/GitHub Repos/mazetest-adambranch/Content/StarterContent/Textures/T_CobbleStone_Pebble_N.uasset" 537
"../../../../../../Creative stuph/GitHub Repos/mazetest-adambranch/Content/StarterContent/Textures/T_CobbleStone_Pebble_M.uasset" 538
"../../../../../../Creative stuph/GitHub Repos/mazetest-adambranch/Content/StarterContent/Textures/T_CobbleStone_Pebble_D.uasset" 539
"../../../../../../Creative stuph/GitHub Repos/mazetest-adambranch/Content/StarterContent/Materials/M_CobbleStone_Pebble.uasset" 540
"../../../../../../Creative stuph/GitHub Repos/mazetest-adambranch/Content/StarterContent/Textures/T_Brick_Hewn_Stone_N.uasset" 541
"../../../../../../Creative stuph/GitHub Repos/mazetest-adambranch/Content/StarterContent/Textures/T_Brick_Hewn_Stone_M.uasset" 542
"../../../../../../Creative stuph/GitHub Repos/mazetest-adambranch/Content/StarterContent/Textures/T_Brick_Hewn_Stone_D.uasset" 543
"../../../../../../Creative stuph/GitHub Repos/mazetest-adambranch/Content/StarterContent/Textures/T_Detail_Rocky_N.uasset" 544
"../../../../../../Creative stuph/GitHub Repos/mazetest-adambranch/Content/StarterContent/Materials/M_Brick_Hewn_Stone.uasset" 545
"../../../../../../Creative stuph/GitHub Repos/mazetest-adambranch/Content/StarterContent/Textures/T_Brick_Cut_Stone_N.uasset" 546
"../../../../../../Creative stuph/GitHub Repos/mazetest-adambranch/Content/StarterContent/Textures/T_Brick_Cut_Stone_D.uasset" 547
"../../../../../../Creative stuph/GitHub Repos/mazetest-adambranch/Content/StarterContent/Materials/M_Brick_Cut_Stone.uasset" 548
"../../../../../../Creative stuph/GitHub Repos/mazetest-adambranch/Content/StarterContent/Textures/T_Brick_Clay_Old_N.uasset" 549
"../../../../../../Creative stuph/GitHub Repos/mazetest-adambranch/Content/StarterContent/Textures/T_Brick_Clay_Old_D.uasset" 550
"../../../../../../Creative stuph/GitHub Repos/mazetest-adambranch/Content/StarterContent/Materials/M_Brick_Clay_Old.uasset" 551
"../../../../../../Creative stuph/GitHub Repos/mazetest-adambranch/Content/StarterContent/Textures/T_Brick_Clay_New_N.uasset" 552
"../../../../../../Creative stuph/GitHub Repos/mazetest-adambranch/Content/StarterContent/Textures/T_Brick_Clay_New_M.uasset" 553
"../../../../../../Creative stuph/GitHub Repos/mazetest-adambranch/Content/StarterContent/Textures/T_Brick_Clay_New_D.uasset" 554
"../../../../../../Creative stuph/GitHub Repos/mazetest-adambranch/Content/StarterContent/Materials/M_Brick_Clay_New.uasset" 555
"../../../../../../Creative stuph/GitHub Repos/mazetest-adambranch/Content/StarterContent/Textures/T_Brick_Clay_Beveled_N.uasset" 556
"../../../../../../Creative stuph/GitHub Repos/mazetest-adambranch/Content/StarterContent/Textures/T_Brick_Clay_Beveled_M.uasset" 557
"../../../../../../Creative stuph/GitHub Repos/mazetest-adambranch/Content/StarterContent/Textures/T_Brick_Clay_Beveled_D.uasset" 558
"../../../../../../Creative stuph/GitHub Repos/mazetest-adambranch/Content/StarterContent/Materials/M_Brick_Clay_Beveled.uasset" 559
"../../../Engine/Content/Functions/Engine_MaterialFunctions03/Procedurals/ComputeFilterWidth.uasset" 560
"../../../Engine/Content/EngineMaterials/AntiAliasedTextMaterialTranslucent.uasset" 561
"../../../../../../Creative stuph/GitHub Repos/mazetest-adambranch/Content/StarterContent/Maps/StarterMap_BuiltData.uasset" 562
"../../../../../../Creative stuph/GitHub Repos/mazetest-adambranch/Content/StarterContent/Textures/T_Concrete_Poured_N.uasset" 563
"../../../../../../Creative stuph/GitHub Repos/mazetest-adambranch/Content/StarterContent/Textures/T_Concrete_Poured_D.uasset" 564
"../../../../../../Creative stuph/GitHub Repos/mazetest-adambranch/Content/StarterContent/Materials/M_Concrete_Poured.uasset" 565
"../../../../../../Creative stuph/GitHub Repos/mazetest-adambranch/Content/StarterContent/Shapes/Shape_QuadPyramid.uasset" 566
"../../../../../../Creative stuph/GitHub Repos/mazetest-adambranch/Content/StarterContent/Maps/StarterMap.umap" 567
"../../../Engine/Content/Maps/Entry_BuiltData.uasset" 568
"../../../Engine/Content/Maps/Entry.umap" 569
